Using pre-set license
Built from '2020.3/staging' branch; Version is '2020.3.13f1 (71691879b7f5) revision 7432472'; Using compiler version '192528614'; Build Type 'Release'
OS: 'Windows 10 Home; OS build 19042.1526; Version 2009; 64bit' Language: 'pt' Physical Memory: 16328 MB
BatchMode: 1, IsHumanControllingUs: 0, StartBugReporterOnCrash: 0, Is64bit: 1, IsPro: 0

 COMMAND LINE ARGUMENTS:
D:\Unity\2020.3.13f1\Editor\Unity.exe
-adb2
-batchMode
-noUpm
-name
AssetImportWorker0
-projectPath
C:/Users/tiago/Documents/Thesis-Project/Dual_Task/Unity_Project/Dual_Task
-logFile
Logs/AssetImportWorker0.log
-srvPort
64250
Successfully changed project path to: C:/Users/tiago/Documents/Thesis-Project/Dual_Task/Unity_Project/Dual_Task
C:/Users/tiago/Documents/Thesis-Project/Dual_Task/Unity_Project/Dual_Task
Using Asset Import Pipeline V2.
Refreshing native plugins compatible for Editor in 46.53 ms, found 2 plugins.
Preloading 0 native plugins for Editor in 0.00 ms.
Initialize engine version: 2020.3.13f1 (71691879b7f5)
[Subsystems] Discovering subsystems at path D:/Unity/2020.3.13f1/Editor/Data/Resources/UnitySubsystems
[Subsystems] Discovering subsystems at path C:/Users/tiago/Documents/Thesis-Project/Dual_Task/Unity_Project/Dual_Task/Assets
GfxDevice: creating device client; threaded=0
Direct3D:
    Version:  Direct3D 11.0 [level 11.1]
    Renderer: NVIDIA GeForce RTX 3050 (ID=0x2507)
    Vendor:   
    VRAM:     8070 MB
    Driver:   30.0.15.1179
Initialize mono
Mono path[0] = 'D:/Unity/2020.3.13f1/Editor/Data/Managed'
Mono path[1] = 'D:/Unity/2020.3.13f1/Editor/Data/MonoBleedingEdge/lib/mono/unityjit'
Mono config path = 'D:/Unity/2020.3.13f1/Editor/Data/MonoBleedingEdge/etc'
Using monoOptions --debugger-agent=transport=dt_socket,embedding=1,server=y,suspend=n,address=127.0.0.1:56440
Begin MonoManager ReloadAssembly
Registering precompiled unity dll's ...
Register platform support module: D:/Unity/2020.3.13f1/Editor/Data/PlaybackEngines/WindowsStandaloneSupport/UnityEditor.WindowsStandalone.Extensions.dll
Registered in 0.001672 seconds.
Native extension for WindowsStandalone target not found
Refreshing native plugins compatible for Editor in 34.22 ms, found 2 plugins.
Preloading 0 native plugins for Editor in 0.00 ms.
Mono: successfully reloaded assembly
- Completed reload, in  1.184 seconds
Platform modules already initialized, skipping
Registering precompiled user dll's ...
Registered in 0.006025 seconds.
Begin MonoManager ReloadAssembly
Native extension for WindowsStandalone target not found
Refreshing native plugins compatible for Editor in 0.36 ms, found 2 plugins.
Preloading 0 native plugins for Editor in 0.00 ms.
Mono: successfully reloaded assembly
- Completed reload, in  1.210 seconds
Platform modules already initialized, skipping
========================================================================
Worker process is ready to serve import requests
Launched and connected shader compiler UnityShaderCompiler.exe after 0.07 seconds
Refreshing native plugins compatible for Editor in 0.57 ms, found 2 plugins.
Preloading 0 native plugins for Editor in 0.00 ms.
Unloading 1406 Unused Serialized files (Serialized files now loaded: 0)
System memory in use before: 65.2 MB.
System memory in use after: 65.3 MB.

Unloading 19 unused Assets to reduce memory usage. Loaded Objects now: 1839.
Total: 3.504100 ms (FindLiveObjects: 0.346500 ms CreateObjectMapping: 0.055200 ms MarkObjects: 2.990500 ms  DeleteObjects: 0.110400 ms)

AssetImportParameters requested are different than current active one (requested -> active):
  custom:framework-win-MediaFoundation: 216162199b28c13a410421893ffa2e32 -> 
  custom:video-decoder-ogg-theora: a1e56fd34408186e4bbccfd4996cb3dc -> 
  custom:container-muxer-webm: aa71ff27fc2769a1b78a27578f13a17b -> 
  custom:container-demuxer-webm: 4f35f7cbe854078d1ac9338744f61a02 -> 
  custom:container-demuxer-ogg: 62fdf1f143b41e24485cea50d1cbac27 -> 
  custom:video-encoder-webm-vp8: eb34c28f22e8b96e1ab97ce403110664 -> 
  custom:video-decoder-webm-vp8: 9c59270c3fd7afecdb556c50c9e8de78 -> 
  custom:audio-decoder-ogg-vorbis: bf7c407c2cedff20999df2af8eb42d56 -> 
  custom:audio-encoder-webm-vorbis: bf7c407c2cedff20999df2af8eb42d56 -> 
========================================================================
Received Import Request.
  path: Assets/Materials/Brown.mat
  artifactKey: Guid(60534effa03e1b344b46aa535ce6adf2) Importer(815301076,1909f56bfc062723c751e8b465ee728b)
Start importing Assets/Materials/Brown.mat using Guid(60534effa03e1b344b46aa535ce6adf2) Importer(815301076,1909f56bfc062723c751e8b465ee728b)  -> (artifact id: '25f5ed51875011d780c31eb1c37b7e94') in 0.429748 seconds 
  Import took 0.435180 seconds .

========================================================================
Received Import Request.
  Time since last request: 0.000305 seconds.
  path: Assets/Materials/Grey.mat
  artifactKey: Guid(a6595c79b383a0c4ba450181ccf75897) Importer(815301076,1909f56bfc062723c751e8b465ee728b)
Start importing Assets/Materials/Grey.mat using Guid(a6595c79b383a0c4ba450181ccf75897) Importer(815301076,1909f56bfc062723c751e8b465ee728b)  -> (artifact id: '9c930806e55609f4340f49eaf9046a12') in 0.022672 seconds 
  Import took 0.025430 seconds .

========================================================================
Received Import Request.
  Time since last request: 0.000164 seconds.
  path: Assets/Materials/Transparent.mat
  artifactKey: Guid(1fd393f7e8551834d8bb468c8c58fdea) Importer(815301076,1909f56bfc062723c751e8b465ee728b)
Start importing Assets/Materials/Transparent.mat using Guid(1fd393f7e8551834d8bb468c8c58fdea) Importer(815301076,1909f56bfc062723c751e8b465ee728b)  -> (artifact id: '4c236f4319073f297e024cf30f7efe70') in 0.318192 seconds 
  Import took 0.321507 seconds .

========================================================================
Received Import Request.
  Time since last request: 0.000346 seconds.
  path: Assets/Materials/Black.mat
  artifactKey: Guid(c3b7758867b0a98489c4040a529012ec) Importer(815301076,1909f56bfc062723c751e8b465ee728b)
Start importing Assets/Materials/Black.mat using Guid(c3b7758867b0a98489c4040a529012ec) Importer(815301076,1909f56bfc062723c751e8b465ee728b)  -> (artifact id: '4ec4287418bb45e1e11f7cc4643ec3ac') in 0.019098 seconds 
  Import took 0.022990 seconds .

========================================================================
Received Import Request.
  Time since last request: 0.000284 seconds.
  path: Assets/Materials/ReachingAreaColor.mat
  artifactKey: Guid(833a7acea22673e4fa84578eca49dffe) Importer(815301076,1909f56bfc062723c751e8b465ee728b)
Start importing Assets/Materials/ReachingAreaColor.mat using Guid(833a7acea22673e4fa84578eca49dffe) Importer(815301076,1909f56bfc062723c751e8b465ee728b)  -> (artifact id: 'bd5ce6d925a5d80c9b338f4ba3f36c6b') in 0.016592 seconds 
  Import took 0.019723 seconds .

========================================================================
Received Import Request.
  Time since last request: 0.000217 seconds.
  path: Assets/Materials/plane.mat
  artifactKey: Guid(ea0549a5822e1ec4c875b107b9cd43a4) Importer(815301076,1909f56bfc062723c751e8b465ee728b)
Start importing Assets/Materials/plane.mat using Guid(ea0549a5822e1ec4c875b107b9cd43a4) Importer(815301076,1909f56bfc062723c751e8b465ee728b)  -> (artifact id: '91033b52ac1299d694e0a5d61c66010e') in 0.017933 seconds 
  Import took 0.022870 seconds .

AssetImportWorkerClient::OnTransportError - code=2 error=End of file
