Using pre-set license
Built from '2020.3/staging' branch; Version is '2020.3.13f1 (71691879b7f5) revision 7432472'; Using compiler version '192528614'; Build Type 'Release'
OS: 'Windows 10 Home; OS build 19042.1526; Version 2009; 64bit' Language: 'pt' Physical Memory: 16328 MB
BatchMode: 1, IsHumanControllingUs: 0, StartBugReporterOnCrash: 0, Is64bit: 1, IsPro: 0

 COMMAND LINE ARGUMENTS:
D:\Unity\2020.3.13f1\Editor\Unity.exe
-adb2
-batchMode
-noUpm
-name
AssetImportWorker0
-projectPath
C:/Users/tiago/Documents/Thesis-Project/Dual_Task/Unity_Project/Dual_Task
-logFile
Logs/AssetImportWorker0.log
-srvPort
56032
Successfully changed project path to: C:/Users/tiago/Documents/Thesis-Project/Dual_Task/Unity_Project/Dual_Task
C:/Users/tiago/Documents/Thesis-Project/Dual_Task/Unity_Project/Dual_Task
Using Asset Import Pipeline V2.
Refreshing native plugins compatible for Editor in 31.27 ms, found 2 plugins.
Preloading 0 native plugins for Editor in 0.00 ms.
Initialize engine version: 2020.3.13f1 (71691879b7f5)
[Subsystems] Discovering subsystems at path D:/Unity/2020.3.13f1/Editor/Data/Resources/UnitySubsystems
[Subsystems] Discovering subsystems at path C:/Users/tiago/Documents/Thesis-Project/Dual_Task/Unity_Project/Dual_Task/Assets
GfxDevice: creating device client; threaded=0
Direct3D:
    Version:  Direct3D 11.0 [level 11.1]
    Renderer: NVIDIA GeForce RTX 3050 (ID=0x2507)
    Vendor:   
    VRAM:     8070 MB
    Driver:   30.0.15.1179
Initialize mono
Mono path[0] = 'D:/Unity/2020.3.13f1/Editor/Data/Managed'
Mono path[1] = 'D:/Unity/2020.3.13f1/Editor/Data/MonoBleedingEdge/lib/mono/unityjit'
Mono config path = 'D:/Unity/2020.3.13f1/Editor/Data/MonoBleedingEdge/etc'
Using monoOptions --debugger-agent=transport=dt_socket,embedding=1,server=y,suspend=n,address=127.0.0.1:56216
Begin MonoManager ReloadAssembly
Registering precompiled unity dll's ...
Register platform support module: D:/Unity/2020.3.13f1/Editor/Data/PlaybackEngines/WindowsStandaloneSupport/UnityEditor.WindowsStandalone.Extensions.dll
Registered in 0.001025 seconds.
Native extension for WindowsStandalone target not found
Refreshing native plugins compatible for Editor in 30.19 ms, found 2 plugins.
Preloading 0 native plugins for Editor in 0.00 ms.
Mono: successfully reloaded assembly
- Completed reload, in  0.870 seconds
Platform modules already initialized, skipping
Registering precompiled user dll's ...
Registered in 0.004189 seconds.
Begin MonoManager ReloadAssembly
Native extension for WindowsStandalone target not found
Refreshing native plugins compatible for Editor in 0.32 ms, found 2 plugins.
Preloading 0 native plugins for Editor in 0.00 ms.
Mono: successfully reloaded assembly
- Completed reload, in  1.002 seconds
Platform modules already initialized, skipping
========================================================================
Worker process is ready to serve import requests
Launched and connected shader compiler UnityShaderCompiler.exe after 0.05 seconds
Refreshing native plugins compatible for Editor in 0.47 ms, found 2 plugins.
Preloading 0 native plugins for Editor in 0.00 ms.
Unloading 1406 Unused Serialized files (Serialized files now loaded: 0)
System memory in use before: 65.2 MB.
System memory in use after: 65.3 MB.

Unloading 19 unused Assets to reduce memory usage. Loaded Objects now: 1839.
Total: 2.024000 ms (FindLiveObjects: 0.171100 ms CreateObjectMapping: 0.040100 ms MarkObjects: 1.731800 ms  DeleteObjects: 0.079800 ms)

AssetImportParameters requested are different than current active one (requested -> active):
  custom:framework-win-MediaFoundation: 216162199b28c13a410421893ffa2e32 -> 
  custom:video-decoder-ogg-theora: a1e56fd34408186e4bbccfd4996cb3dc -> 
  custom:container-muxer-webm: aa71ff27fc2769a1b78a27578f13a17b -> 
  custom:container-demuxer-webm: 4f35f7cbe854078d1ac9338744f61a02 -> 
  custom:container-demuxer-ogg: 62fdf1f143b41e24485cea50d1cbac27 -> 
  custom:video-encoder-webm-vp8: eb34c28f22e8b96e1ab97ce403110664 -> 
  custom:video-decoder-webm-vp8: 9c59270c3fd7afecdb556c50c9e8de78 -> 
  custom:audio-decoder-ogg-vorbis: bf7c407c2cedff20999df2af8eb42d56 -> 
  custom:audio-encoder-webm-vorbis: bf7c407c2cedff20999df2af8eb42d56 -> 
========================================================================
Received Import Request.
  path: Assets/Bucket.obj
  artifactKey: Guid(525bd4d261d3b9b40803bd7344fb61f6) Importer(815301076,1909f56bfc062723c751e8b465ee728b)
Start importing Assets/Bucket.obj using Guid(525bd4d261d3b9b40803bd7344fb61f6) Importer(815301076,1909f56bfc062723c751e8b465ee728b)  -> (artifact id: '0057c73fdb5e7a356737337284c8b16f') in 0.130436 seconds 
  Import took 0.133431 seconds .

========================================================================
Received Import Request.
  Time since last request: 37.889181 seconds.
  path: Assets/Import
  artifactKey: Guid(df26efd842b3d764c87ea0d21f99f1d1) Importer(815301076,1909f56bfc062723c751e8b465ee728b)
Start importing Assets/Import using Guid(df26efd842b3d764c87ea0d21f99f1d1) Importer(815301076,1909f56bfc062723c751e8b465ee728b)  -> (artifact id: '0e2958882c61c07fe7d3a8c5a8eb4199') in 0.002604 seconds 
  Import took 0.005426 seconds .

========================================================================
Received Import Request.
  Time since last request: 0.045454 seconds.
  path: Assets/Import/Calculator.prefab
  artifactKey: Guid(0b8d836e7e35c0c4eaf4d4f1dc48c248) Importer(815301076,1909f56bfc062723c751e8b465ee728b)
Start importing Assets/Import/Calculator.prefab using Guid(0b8d836e7e35c0c4eaf4d4f1dc48c248) Importer(815301076,1909f56bfc062723c751e8b465ee728b)  -> (artifact id: 'a50ee7913455bbc22d0cdf11aedf96cb') in 0.015024 seconds 
  Import took 0.017749 seconds .

========================================================================
Received Import Request.
  Time since last request: 0.000159 seconds.
  path: Assets/Import/Chronometer.prefab
  artifactKey: Guid(75a400aef2c2dcf48b4d1e736668b2c8) Importer(815301076,1909f56bfc062723c751e8b465ee728b)
Start importing Assets/Import/Chronometer.prefab using Guid(75a400aef2c2dcf48b4d1e736668b2c8) Importer(815301076,1909f56bfc062723c751e8b465ee728b)  -> (artifact id: 'f3f2bf2b4709a73476aede15bf0a6619') in 0.003834 seconds 
  Import took 0.006429 seconds .

========================================================================
Received Import Request.
  Time since last request: 0.000162 seconds.
  path: Assets/Import/Points.prefab
  artifactKey: Guid(f4468816211c4444e863588b6635bfc2) Importer(815301076,1909f56bfc062723c751e8b465ee728b)
Start importing Assets/Import/Points.prefab using Guid(f4468816211c4444e863588b6635bfc2) Importer(815301076,1909f56bfc062723c751e8b465ee728b)  -> (artifact id: '569b942e60854b9faec3e9e3ef07e790') in 0.010482 seconds 
  Import took 0.013168 seconds .

========================================================================
Received Import Request.
  Time since last request: 0.000365 seconds.
  path: Assets/Import/Timer.prefab
  artifactKey: Guid(fe2397017cd5c48429e5ce063b95282c) Importer(815301076,1909f56bfc062723c751e8b465ee728b)
Start importing Assets/Import/Timer.prefab using Guid(fe2397017cd5c48429e5ce063b95282c) Importer(815301076,1909f56bfc062723c751e8b465ee728b)  -> (artifact id: '63a71c140660ee93c14adb9efb21f65f') in 0.003548 seconds 
  Import took 0.005733 seconds .

========================================================================
Received Import Request.
  Time since last request: 0.000177 seconds.
  path: Assets/Import/HighScore.prefab
  artifactKey: Guid(20a580e0ff6e1834fb7b216986be6b71) Importer(815301076,1909f56bfc062723c751e8b465ee728b)
Start importing Assets/Import/HighScore.prefab using Guid(20a580e0ff6e1834fb7b216986be6b71) Importer(815301076,1909f56bfc062723c751e8b465ee728b)  -> (artifact id: '3ad68d24eb83ff6211e310a7890f9a87') in 0.003679 seconds 
  Import took 0.006431 seconds .

========================================================================
Received Import Request.
  Time since last request: 0.000140 seconds.
  path: Assets/Import/Highscore 1.prefab
  artifactKey: Guid(2e7e2c9675be77743a6d7f36380c962d) Importer(815301076,1909f56bfc062723c751e8b465ee728b)
Start importing Assets/Import/Highscore 1.prefab using Guid(2e7e2c9675be77743a6d7f36380c962d) Importer(815301076,1909f56bfc062723c751e8b465ee728b)  -> (artifact id: '016bfb23fd9a6101fc79dbb7e9c9c16f') in 0.003616 seconds 
  Import took 0.005785 seconds .

========================================================================
Received Import Request.
  Time since last request: 71.823343 seconds.
  path: Assets/Import/mat.unitypackage
  artifactKey: Guid(0435c1ea6d5403343a1e901ad51d5460) Importer(815301076,1909f56bfc062723c751e8b465ee728b)
Start importing Assets/Import/mat.unitypackage using Guid(0435c1ea6d5403343a1e901ad51d5460) Importer(815301076,1909f56bfc062723c751e8b465ee728b)  -> (artifact id: '55644c2d216fe4209cec2e5b3fbd2380') in 0.009676 seconds 
  Import took 0.012623 seconds .

========================================================================
Received Import Request.
  Time since last request: 7.865995 seconds.
  path: Assets/Materials/0.png
  artifactKey: Guid(ba5e0bbc8a7cf154ab7b4b8184f6137f) Importer(815301076,1909f56bfc062723c751e8b465ee728b)
Start importing Assets/Materials/0.png using Guid(ba5e0bbc8a7cf154ab7b4b8184f6137f) Importer(815301076,1909f56bfc062723c751e8b465ee728b)  -> (artifact id: '6648768007a129ad4bde83f39e598b59') in 0.033257 seconds 
  Import took 0.035738 seconds .

========================================================================
Received Import Request.
  Time since last request: 0.000169 seconds.
  path: Assets/Materials/8.png
  artifactKey: Guid(07a96d060da4cf548b303efd5253cd70) Importer(815301076,1909f56bfc062723c751e8b465ee728b)
Start importing Assets/Materials/8.png using Guid(07a96d060da4cf548b303efd5253cd70) Importer(815301076,1909f56bfc062723c751e8b465ee728b)  -> (artifact id: '4d177c51acbef2504c8fb2aa747ce32c') in 0.007144 seconds 
  Import took 0.009599 seconds .

========================================================================
Received Import Request.
  Time since last request: 0.000186 seconds.
  path: Assets/Materials/7.png
  artifactKey: Guid(fb278d0a3c6aec64a9f80e37041940cc) Importer(815301076,1909f56bfc062723c751e8b465ee728b)
Start importing Assets/Materials/7.png using Guid(fb278d0a3c6aec64a9f80e37041940cc) Importer(815301076,1909f56bfc062723c751e8b465ee728b)  -> (artifact id: '8132c26316b54a97335fe219373a1ebb') in 0.017553 seconds 
  Import took 0.019937 seconds .

========================================================================
Received Import Request.
  Time since last request: 0.000150 seconds.
  path: Assets/Materials/Blue.mat
  artifactKey: Guid(922019eaa9f16ba4297177f9263b13a9) Importer(815301076,1909f56bfc062723c751e8b465ee728b)
Start importing Assets/Materials/Blue.mat using Guid(922019eaa9f16ba4297177f9263b13a9) Importer(815301076,1909f56bfc062723c751e8b465ee728b)  -> (artifact id: 'ab37b9b917520e2347cbf5a131a00dbd') in 0.019450 seconds 
  Import took 0.021892 seconds .

========================================================================
Received Import Request.
  Time since last request: 0.000180 seconds.
  path: Assets/Materials/6.png
  artifactKey: Guid(5a37b3c8fa628654e89355938ee03859) Importer(815301076,1909f56bfc062723c751e8b465ee728b)
Start importing Assets/Materials/6.png using Guid(5a37b3c8fa628654e89355938ee03859) Importer(815301076,1909f56bfc062723c751e8b465ee728b)  -> (artifact id: '95a5cf8e703efb46b5f09f9687ef4cb0') in 0.010988 seconds 
  Import took 0.013162 seconds .

========================================================================
Received Import Request.
  Time since last request: 0.000172 seconds.
  path: Assets/Materials/3.png
  artifactKey: Guid(25ba63d7299396d4fb7748a9de3ef8fd) Importer(815301076,1909f56bfc062723c751e8b465ee728b)
Start importing Assets/Materials/3.png using Guid(25ba63d7299396d4fb7748a9de3ef8fd) Importer(815301076,1909f56bfc062723c751e8b465ee728b)  -> (artifact id: '5e53b67ca8ca5b38ae3ee4f9fbe05823') in 0.006083 seconds 
  Import took 0.008506 seconds .

========================================================================
Received Import Request.
  Time since last request: 0.000202 seconds.
  path: Assets/Materials/4.png
  artifactKey: Guid(eac3ebcd5a6e42549a281c1022c88bc7) Importer(815301076,1909f56bfc062723c751e8b465ee728b)
Start importing Assets/Materials/4.png using Guid(eac3ebcd5a6e42549a281c1022c88bc7) Importer(815301076,1909f56bfc062723c751e8b465ee728b)  -> (artifact id: 'd6d1f4ed87c331ebe0f5415d7477357c') in 0.012440 seconds 
  Import took 0.014855 seconds .

========================================================================
Received Import Request.
  Time since last request: 0.000218 seconds.
  path: Assets/Materials/Floor.mat
  artifactKey: Guid(8d2a45267e5651d45b6c83d51d80ddf9) Importer(815301076,1909f56bfc062723c751e8b465ee728b)
Start importing Assets/Materials/Floor.mat using Guid(8d2a45267e5651d45b6c83d51d80ddf9) Importer(815301076,1909f56bfc062723c751e8b465ee728b)  -> (artifact id: '75708f99bfe0967916b358f7647150e9') in 0.012738 seconds 
  Import took 0.015170 seconds .

========================================================================
Received Import Request.
  Time since last request: 0.000210 seconds.
  path: Assets/Materials/9.png
  artifactKey: Guid(8800b38c12b98514cb21c401ba079080) Importer(815301076,1909f56bfc062723c751e8b465ee728b)
Start importing Assets/Materials/9.png using Guid(8800b38c12b98514cb21c401ba079080) Importer(815301076,1909f56bfc062723c751e8b465ee728b)  -> (artifact id: '34f08cf622f0acbd04e124856d6d28ed') in 0.012462 seconds 
  Import took 0.015160 seconds .

========================================================================
Received Import Request.
  Time since last request: 0.000190 seconds.
  path: Assets/Materials/5.png
  artifactKey: Guid(0139c2dd9b0f1824b95b2cd1489b228e) Importer(815301076,1909f56bfc062723c751e8b465ee728b)
Start importing Assets/Materials/5.png using Guid(0139c2dd9b0f1824b95b2cd1489b228e) Importer(815301076,1909f56bfc062723c751e8b465ee728b)  -> (artifact id: '5be1e73b3f1cdfff735f9b9b6b62e61a') in 0.006590 seconds 
  Import took 0.009033 seconds .

========================================================================
Received Import Request.
  Time since last request: 0.000195 seconds.
  path: Assets/Materials/2.png
  artifactKey: Guid(b7f56c1bd29061a49aec44fe52f98182) Importer(815301076,1909f56bfc062723c751e8b465ee728b)
Start importing Assets/Materials/2.png using Guid(b7f56c1bd29061a49aec44fe52f98182) Importer(815301076,1909f56bfc062723c751e8b465ee728b)  -> (artifact id: '996c967768574248cc069fd7d81d61eb') in 0.011279 seconds 
  Import took 0.014051 seconds .

========================================================================
Received Import Request.
  Time since last request: 0.000218 seconds.
  path: Assets/Materials/1.png
  artifactKey: Guid(79320c2586130b64da292fe60b1aab61) Importer(815301076,1909f56bfc062723c751e8b465ee728b)
Start importing Assets/Materials/1.png using Guid(79320c2586130b64da292fe60b1aab61) Importer(815301076,1909f56bfc062723c751e8b465ee728b)  -> (artifact id: '89f1da0f58b5fb056bf5897d33cb3094') in 0.006207 seconds 
  Import took 0.008617 seconds .

========================================================================
Received Import Request.
  Time since last request: 0.000163 seconds.
  path: Assets/Materials/Cube.mat
  artifactKey: Guid(e42a3ba0f6a54b441abe3223877d5a60) Importer(815301076,1909f56bfc062723c751e8b465ee728b)
Start importing Assets/Materials/Cube.mat using Guid(e42a3ba0f6a54b441abe3223877d5a60) Importer(815301076,1909f56bfc062723c751e8b465ee728b)  -> (artifact id: '128867619909c721159249cc758dcca3') in 0.012941 seconds 
  Import took 0.015367 seconds .

========================================================================
Received Import Request.
  Time since last request: 560.313357 seconds.
  path: Assets/Materials/Materials
  artifactKey: Guid(930403beb48e8f24880e80671f6451db) Importer(815301076,1909f56bfc062723c751e8b465ee728b)
Start importing Assets/Materials/Materials using Guid(930403beb48e8f24880e80671f6451db) Importer(815301076,1909f56bfc062723c751e8b465ee728b)  -> (artifact id: '5ada75893b0e5848471d6fbd3db85443') in 0.007139 seconds 
  Import took 0.009803 seconds .

========================================================================
Received Import Request.
  Time since last request: 30.163200 seconds.
  path: Assets/Materials/Materials/3.mat
  artifactKey: Guid(d950832221cd5964bafeeeac69573069) Importer(815301076,1909f56bfc062723c751e8b465ee728b)
Start importing Assets/Materials/Materials/3.mat using Guid(d950832221cd5964bafeeeac69573069) Importer(815301076,1909f56bfc062723c751e8b465ee728b)  -> (artifact id: '0e503c766567ad982bc40298530fe296') in 0.011330 seconds 
  Import took 0.013806 seconds .

========================================================================
Received Import Request.
  Time since last request: 0.008337 seconds.
  path: Assets/Materials/Materials/3.mat
  artifactKey: Guid(d950832221cd5964bafeeeac69573069) Importer(815301076,1909f56bfc062723c751e8b465ee728b)
Start importing Assets/Materials/Materials/3.mat using Guid(d950832221cd5964bafeeeac69573069) Importer(815301076,1909f56bfc062723c751e8b465ee728b)  -> (artifact id: '0e503c766567ad982bc40298530fe296') in 0.018985 seconds 
  Import took 0.021440 seconds .

========================================================================
Received Import Request.
  Time since last request: 12.365758 seconds.
  path: Assets/Materials
  artifactKey: Guid(fc1338cf32be8da4da1920f4815d9131) Importer(815301076,1909f56bfc062723c751e8b465ee728b)
Start importing Assets/Materials using Guid(fc1338cf32be8da4da1920f4815d9131) Importer(815301076,1909f56bfc062723c751e8b465ee728b)  -> (artifact id: '8035f85164a84edbbb3a85d15bab2699') in 0.002135 seconds 
  Import took 0.004601 seconds .

========================================================================
Received Import Request.
  Time since last request: 0.000296 seconds.
  path: Assets/Materials
  artifactKey: Guid(fc1338cf32be8da4da1920f4815d9131) Importer(815301076,1909f56bfc062723c751e8b465ee728b)
Start importing Assets/Materials using Guid(fc1338cf32be8da4da1920f4815d9131) Importer(815301076,1909f56bfc062723c751e8b465ee728b)  -> (artifact id: '8035f85164a84edbbb3a85d15bab2699') in 0.002138 seconds 
  Import took 0.004277 seconds .

========================================================================
Received Import Request.
  Time since last request: 3.944100 seconds.
  path: Assets/Materials/New Material.mat
  artifactKey: Guid(de7310af36fe231488e003da284b2331) Importer(815301076,1909f56bfc062723c751e8b465ee728b)
Start importing Assets/Materials/New Material.mat using Guid(de7310af36fe231488e003da284b2331) Importer(815301076,1909f56bfc062723c751e8b465ee728b)  -> (artifact id: 'b6ed85f269d10e6a0d7863cce3610365') in 0.009211 seconds 
  Import took 0.012426 seconds .

========================================================================
Received Import Request.
  Time since last request: 39.052371 seconds.
  path: Assets/Materials/White.mat
  artifactKey: Guid(de7310af36fe231488e003da284b2331) Importer(815301076,1909f56bfc062723c751e8b465ee728b)
Start importing Assets/Materials/White.mat using Guid(de7310af36fe231488e003da284b2331) Importer(815301076,1909f56bfc062723c751e8b465ee728b)  -> (artifact id: 'b9399416bd11c889dc251e5ac3d1da90') in 0.027217 seconds 
  Import took 0.029829 seconds .

========================================================================
Received Prepare
Registering precompiled user dll's ...
Registered in 0.004184 seconds.
Begin MonoManager ReloadAssembly
Native extension for WindowsStandalone target not found
Refreshing native plugins compatible for Editor in 0.33 ms, found 2 plugins.
Preloading 0 native plugins for Editor in 0.00 ms.
Mono: successfully reloaded assembly
- Completed reload, in  0.940 seconds
Platform modules already initialized, skipping
Refreshing native plugins compatible for Editor in 0.30 ms, found 2 plugins.
Preloading 0 native plugins for Editor in 0.00 ms.
Unloading 1401 Unused Serialized files (Serialized files now loaded: 0)
System memory in use before: 69.4 MB.
System memory in use after: 69.4 MB.

Unloading 14 unused Assets to reduce memory usage. Loaded Objects now: 1891.
Total: 1.969900 ms (FindLiveObjects: 0.157000 ms CreateObjectMapping: 0.037400 ms MarkObjects: 1.723000 ms  DeleteObjects: 0.051400 ms)

AssetImportParameters requested are different than current active one (requested -> active):
  custom:framework-win-MediaFoundation: 216162199b28c13a410421893ffa2e32 -> 
  custom:video-decoder-ogg-theora: a1e56fd34408186e4bbccfd4996cb3dc -> 
  custom:container-muxer-webm: aa71ff27fc2769a1b78a27578f13a17b -> 
  custom:container-demuxer-webm: 4f35f7cbe854078d1ac9338744f61a02 -> 
  custom:container-demuxer-ogg: 62fdf1f143b41e24485cea50d1cbac27 -> 
  custom:video-encoder-webm-vp8: eb34c28f22e8b96e1ab97ce403110664 -> 
  custom:video-decoder-webm-vp8: 9c59270c3fd7afecdb556c50c9e8de78 -> 
  custom:audio-decoder-ogg-vorbis: bf7c407c2cedff20999df2af8eb42d56 -> 
  custom:audio-encoder-webm-vorbis: bf7c407c2cedff20999df2af8eb42d56 -> 
========================================================================
Received Prepare
Registering precompiled user dll's ...
Registered in 0.005378 seconds.
Begin MonoManager ReloadAssembly
Native extension for WindowsStandalone target not found
Refreshing native plugins compatible for Editor in 0.34 ms, found 2 plugins.
Preloading 0 native plugins for Editor in 0.00 ms.
Mono: successfully reloaded assembly
- Completed reload, in  0.960 seconds
Platform modules already initialized, skipping
Refreshing native plugins compatible for Editor in 0.32 ms, found 2 plugins.
Preloading 0 native plugins for Editor in 0.00 ms.
Unloading 1402 Unused Serialized files (Serialized files now loaded: 0)
System memory in use before: 69.4 MB.
System memory in use after: 69.5 MB.

Unloading 14 unused Assets to reduce memory usage. Loaded Objects now: 1895.
Total: 1.969600 ms (FindLiveObjects: 0.159900 ms CreateObjectMapping: 0.037200 ms MarkObjects: 1.715300 ms  DeleteObjects: 0.056200 ms)

AssetImportParameters requested are different than current active one (requested -> active):
  custom:framework-win-MediaFoundation: 216162199b28c13a410421893ffa2e32 -> 
  custom:video-decoder-ogg-theora: a1e56fd34408186e4bbccfd4996cb3dc -> 
  custom:container-muxer-webm: aa71ff27fc2769a1b78a27578f13a17b -> 
  custom:container-demuxer-webm: 4f35f7cbe854078d1ac9338744f61a02 -> 
  custom:container-demuxer-ogg: 62fdf1f143b41e24485cea50d1cbac27 -> 
  custom:video-encoder-webm-vp8: eb34c28f22e8b96e1ab97ce403110664 -> 
  custom:video-decoder-webm-vp8: 9c59270c3fd7afecdb556c50c9e8de78 -> 
  custom:audio-decoder-ogg-vorbis: bf7c407c2cedff20999df2af8eb42d56 -> 
  custom:audio-encoder-webm-vorbis: bf7c407c2cedff20999df2af8eb42d56 -> 
========================================================================
Received Prepare
Registering precompiled user dll's ...
Registered in 0.004191 seconds.
Begin MonoManager ReloadAssembly
Native extension for WindowsStandalone target not found
Refreshing native plugins compatible for Editor in 0.33 ms, found 2 plugins.
Preloading 0 native plugins for Editor in 0.00 ms.
Mono: successfully reloaded assembly
- Completed reload, in  0.919 seconds
Platform modules already initialized, skipping
Refreshing native plugins compatible for Editor in 0.37 ms, found 2 plugins.
Preloading 0 native plugins for Editor in 0.00 ms.
Unloading 1403 Unused Serialized files (Serialized files now loaded: 0)
System memory in use before: 69.4 MB.
System memory in use after: 69.5 MB.

Unloading 14 unused Assets to reduce memory usage. Loaded Objects now: 1899.
Total: 2.129000 ms (FindLiveObjects: 0.166700 ms CreateObjectMapping: 0.037800 ms MarkObjects: 1.860300 ms  DeleteObjects: 0.062800 ms)

AssetImportParameters requested are different than current active one (requested -> active):
  custom:framework-win-MediaFoundation: 216162199b28c13a410421893ffa2e32 -> 
  custom:video-decoder-ogg-theora: a1e56fd34408186e4bbccfd4996cb3dc -> 
  custom:container-muxer-webm: aa71ff27fc2769a1b78a27578f13a17b -> 
  custom:container-demuxer-webm: 4f35f7cbe854078d1ac9338744f61a02 -> 
  custom:container-demuxer-ogg: 62fdf1f143b41e24485cea50d1cbac27 -> 
  custom:video-encoder-webm-vp8: eb34c28f22e8b96e1ab97ce403110664 -> 
  custom:video-decoder-webm-vp8: 9c59270c3fd7afecdb556c50c9e8de78 -> 
  custom:audio-decoder-ogg-vorbis: bf7c407c2cedff20999df2af8eb42d56 -> 
  custom:audio-encoder-webm-vorbis: bf7c407c2cedff20999df2af8eb42d56 -> 
========================================================================
Received Prepare
Registering precompiled user dll's ...
Registered in 0.004191 seconds.
Begin MonoManager ReloadAssembly
Native extension for WindowsStandalone target not found
Refreshing native plugins compatible for Editor in 0.34 ms, found 2 plugins.
Preloading 0 native plugins for Editor in 0.00 ms.
Mono: successfully reloaded assembly
- Completed reload, in  0.939 seconds
Platform modules already initialized, skipping
Refreshing native plugins compatible for Editor in 0.34 ms, found 2 plugins.
Preloading 0 native plugins for Editor in 0.00 ms.
Unloading 1404 Unused Serialized files (Serialized files now loaded: 0)
System memory in use before: 69.5 MB.
System memory in use after: 69.6 MB.

Unloading 14 unused Assets to reduce memory usage. Loaded Objects now: 1903.
Total: 1.949900 ms (FindLiveObjects: 0.178100 ms CreateObjectMapping: 0.038300 ms MarkObjects: 1.682800 ms  DeleteObjects: 0.049700 ms)

AssetImportParameters requested are different than current active one (requested -> active):
  custom:framework-win-MediaFoundation: 216162199b28c13a410421893ffa2e32 -> 
  custom:video-decoder-ogg-theora: a1e56fd34408186e4bbccfd4996cb3dc -> 
  custom:container-muxer-webm: aa71ff27fc2769a1b78a27578f13a17b -> 
  custom:container-demuxer-webm: 4f35f7cbe854078d1ac9338744f61a02 -> 
  custom:container-demuxer-ogg: 62fdf1f143b41e24485cea50d1cbac27 -> 
  custom:video-encoder-webm-vp8: eb34c28f22e8b96e1ab97ce403110664 -> 
  custom:video-decoder-webm-vp8: 9c59270c3fd7afecdb556c50c9e8de78 -> 
  custom:audio-decoder-ogg-vorbis: bf7c407c2cedff20999df2af8eb42d56 -> 
  custom:audio-encoder-webm-vorbis: bf7c407c2cedff20999df2af8eb42d56 -> 
========================================================================
Received Prepare
Registering precompiled user dll's ...
Registered in 0.004102 seconds.
Begin MonoManager ReloadAssembly
Native extension for WindowsStandalone target not found
Refreshing native plugins compatible for Editor in 0.35 ms, found 2 plugins.
Preloading 0 native plugins for Editor in 0.00 ms.
Mono: successfully reloaded assembly
- Completed reload, in  0.927 seconds
Platform modules already initialized, skipping
Refreshing native plugins compatible for Editor in 0.34 ms, found 2 plugins.
Preloading 0 native plugins for Editor in 0.00 ms.
Unloading 1406 Unused Serialized files (Serialized files now loaded: 0)
System memory in use before: 69.5 MB.
System memory in use after: 69.6 MB.

Unloading 14 unused Assets to reduce memory usage. Loaded Objects now: 1908.
Total: 2.034400 ms (FindLiveObjects: 0.174900 ms CreateObjectMapping: 0.038300 ms MarkObjects: 1.758400 ms  DeleteObjects: 0.061800 ms)

AssetImportParameters requested are different than current active one (requested -> active):
  custom:framework-win-MediaFoundation: 216162199b28c13a410421893ffa2e32 -> 
  custom:video-decoder-ogg-theora: a1e56fd34408186e4bbccfd4996cb3dc -> 
  custom:container-muxer-webm: aa71ff27fc2769a1b78a27578f13a17b -> 
  custom:container-demuxer-webm: 4f35f7cbe854078d1ac9338744f61a02 -> 
  custom:container-demuxer-ogg: 62fdf1f143b41e24485cea50d1cbac27 -> 
  custom:video-encoder-webm-vp8: eb34c28f22e8b96e1ab97ce403110664 -> 
  custom:video-decoder-webm-vp8: 9c59270c3fd7afecdb556c50c9e8de78 -> 
  custom:audio-decoder-ogg-vorbis: bf7c407c2cedff20999df2af8eb42d56 -> 
  custom:audio-encoder-webm-vorbis: bf7c407c2cedff20999df2af8eb42d56 -> 
========================================================================
Received Prepare
Registering precompiled user dll's ...
Registered in 0.004446 seconds.
Begin MonoManager ReloadAssembly
Native extension for WindowsStandalone target not found
Refreshing native plugins compatible for Editor in 0.33 ms, found 2 plugins.
Preloading 0 native plugins for Editor in 0.00 ms.
Mono: successfully reloaded assembly
- Completed reload, in  0.951 seconds
Platform modules already initialized, skipping
Refreshing native plugins compatible for Editor in 0.35 ms, found 2 plugins.
Preloading 0 native plugins for Editor in 0.00 ms.
Unloading 1406 Unused Serialized files (Serialized files now loaded: 0)
System memory in use before: 69.6 MB.
System memory in use after: 69.6 MB.

Unloading 14 unused Assets to reduce memory usage. Loaded Objects now: 1911.
Total: 1.911200 ms (FindLiveObjects: 0.174200 ms CreateObjectMapping: 0.036200 ms MarkObjects: 1.642100 ms  DeleteObjects: 0.057600 ms)

AssetImportParameters requested are different than current active one (requested -> active):
  custom:framework-win-MediaFoundation: 216162199b28c13a410421893ffa2e32 -> 
  custom:video-decoder-ogg-theora: a1e56fd34408186e4bbccfd4996cb3dc -> 
  custom:container-muxer-webm: aa71ff27fc2769a1b78a27578f13a17b -> 
  custom:container-demuxer-webm: 4f35f7cbe854078d1ac9338744f61a02 -> 
  custom:container-demuxer-ogg: 62fdf1f143b41e24485cea50d1cbac27 -> 
  custom:video-encoder-webm-vp8: eb34c28f22e8b96e1ab97ce403110664 -> 
  custom:video-decoder-webm-vp8: 9c59270c3fd7afecdb556c50c9e8de78 -> 
  custom:audio-decoder-ogg-vorbis: bf7c407c2cedff20999df2af8eb42d56 -> 
  custom:audio-encoder-webm-vorbis: bf7c407c2cedff20999df2af8eb42d56 -> 
========================================================================
Received Prepare
Registering precompiled user dll's ...
Registered in 0.004097 seconds.
Begin MonoManager ReloadAssembly
Native extension for WindowsStandalone target not found
Refreshing native plugins compatible for Editor in 0.37 ms, found 2 plugins.
Preloading 0 native plugins for Editor in 0.00 ms.
Mono: successfully reloaded assembly
- Completed reload, in  0.918 seconds
Platform modules already initialized, skipping
Refreshing native plugins compatible for Editor in 0.33 ms, found 2 plugins.
Preloading 0 native plugins for Editor in 0.00 ms.
Unloading 1406 Unused Serialized files (Serialized files now loaded: 0)
System memory in use before: 69.6 MB.
System memory in use after: 69.6 MB.

Unloading 14 unused Assets to reduce memory usage. Loaded Objects now: 1914.
Total: 2.162800 ms (FindLiveObjects: 0.162900 ms CreateObjectMapping: 0.037300 ms MarkObjects: 1.912700 ms  DeleteObjects: 0.049000 ms)

AssetImportParameters requested are different than current active one (requested -> active):
  custom:framework-win-MediaFoundation: 216162199b28c13a410421893ffa2e32 -> 
  custom:video-decoder-ogg-theora: a1e56fd34408186e4bbccfd4996cb3dc -> 
  custom:container-muxer-webm: aa71ff27fc2769a1b78a27578f13a17b -> 
  custom:container-demuxer-webm: 4f35f7cbe854078d1ac9338744f61a02 -> 
  custom:container-demuxer-ogg: 62fdf1f143b41e24485cea50d1cbac27 -> 
  custom:video-encoder-webm-vp8: eb34c28f22e8b96e1ab97ce403110664 -> 
  custom:video-decoder-webm-vp8: 9c59270c3fd7afecdb556c50c9e8de78 -> 
  custom:audio-decoder-ogg-vorbis: bf7c407c2cedff20999df2af8eb42d56 -> 
  custom:audio-encoder-webm-vorbis: bf7c407c2cedff20999df2af8eb42d56 -> 
========================================================================
Received Prepare
Registering precompiled user dll's ...
Registered in 0.004198 seconds.
Begin MonoManager ReloadAssembly
Native extension for WindowsStandalone target not found
Refreshing native plugins compatible for Editor in 0.49 ms, found 2 plugins.
Preloading 0 native plugins for Editor in 0.00 ms.
Mono: successfully reloaded assembly
- Completed reload, in  1.065 seconds
Platform modules already initialized, skipping
Refreshing native plugins compatible for Editor in 0.35 ms, found 2 plugins.
Preloading 0 native plugins for Editor in 0.00 ms.
Unloading 1406 Unused Serialized files (Serialized files now loaded: 0)
System memory in use before: 69.6 MB.
System memory in use after: 69.6 MB.

Unloading 14 unused Assets to reduce memory usage. Loaded Objects now: 1917.
Total: 2.195600 ms (FindLiveObjects: 0.184700 ms CreateObjectMapping: 0.039100 ms MarkObjects: 1.920800 ms  DeleteObjects: 0.049800 ms)

AssetImportParameters requested are different than current active one (requested -> active):
  custom:framework-win-MediaFoundation: 216162199b28c13a410421893ffa2e32 -> 
  custom:video-decoder-ogg-theora: a1e56fd34408186e4bbccfd4996cb3dc -> 
  custom:container-muxer-webm: aa71ff27fc2769a1b78a27578f13a17b -> 
  custom:container-demuxer-webm: 4f35f7cbe854078d1ac9338744f61a02 -> 
  custom:container-demuxer-ogg: 62fdf1f143b41e24485cea50d1cbac27 -> 
  custom:video-encoder-webm-vp8: eb34c28f22e8b96e1ab97ce403110664 -> 
  custom:video-decoder-webm-vp8: 9c59270c3fd7afecdb556c50c9e8de78 -> 
  custom:audio-decoder-ogg-vorbis: bf7c407c2cedff20999df2af8eb42d56 -> 
  custom:audio-encoder-webm-vorbis: bf7c407c2cedff20999df2af8eb42d56 -> 
========================================================================
Received Import Request.
  Time since last request: 1210.105564 seconds.
  path: Assets/Scripts/HighScore.cs
  artifactKey: Guid(ef0cb6a899455d04f807245d0551a5e7) Importer(815301076,1909f56bfc062723c751e8b465ee728b)
Start importing Assets/Scripts/HighScore.cs using Guid(ef0cb6a899455d04f807245d0551a5e7) Importer(815301076,1909f56bfc062723c751e8b465ee728b)  -> (artifact id: 'e0408e92ff0121f26ff9e963ffb42024') in 0.008115 seconds 
  Import took 0.010596 seconds .

========================================================================
Received Import Request.
  Time since last request: 0.026613 seconds.
  path: Assets/Scripts/HighScore.cs
  artifactKey: Guid(ef0cb6a899455d04f807245d0551a5e7) Importer(815301076,1909f56bfc062723c751e8b465ee728b)
Start importing Assets/Scripts/HighScore.cs using Guid(ef0cb6a899455d04f807245d0551a5e7) Importer(815301076,1909f56bfc062723c751e8b465ee728b)  -> (artifact id: 'e0408e92ff0121f26ff9e963ffb42024') in 0.002166 seconds 
  Import took 0.004500 seconds .

========================================================================
Received Prepare
Registering precompiled user dll's ...
Registered in 0.004220 seconds.
Begin MonoManager ReloadAssembly
Native extension for WindowsStandalone target not found
Refreshing native plugins compatible for Editor in 0.34 ms, found 2 plugins.
Preloading 0 native plugins for Editor in 0.00 ms.
Mono: successfully reloaded assembly
- Completed reload, in  0.925 seconds
Platform modules already initialized, skipping
Refreshing native plugins compatible for Editor in 0.33 ms, found 2 plugins.
Preloading 0 native plugins for Editor in 0.00 ms.
Unloading 1406 Unused Serialized files (Serialized files now loaded: 0)
System memory in use before: 69.6 MB.
System memory in use after: 69.7 MB.

Unloading 14 unused Assets to reduce memory usage. Loaded Objects now: 1920.
Total: 1.826900 ms (FindLiveObjects: 0.153300 ms CreateObjectMapping: 0.037500 ms MarkObjects: 1.592800 ms  DeleteObjects: 0.042400 ms)

AssetImportParameters requested are different than current active one (requested -> active):
  custom:framework-win-MediaFoundation: 216162199b28c13a410421893ffa2e32 -> 
  custom:video-decoder-ogg-theora: a1e56fd34408186e4bbccfd4996cb3dc -> 
  custom:container-muxer-webm: aa71ff27fc2769a1b78a27578f13a17b -> 
  custom:container-demuxer-webm: 4f35f7cbe854078d1ac9338744f61a02 -> 
  custom:container-demuxer-ogg: 62fdf1f143b41e24485cea50d1cbac27 -> 
  custom:video-encoder-webm-vp8: eb34c28f22e8b96e1ab97ce403110664 -> 
  custom:video-decoder-webm-vp8: 9c59270c3fd7afecdb556c50c9e8de78 -> 
  custom:audio-decoder-ogg-vorbis: bf7c407c2cedff20999df2af8eb42d56 -> 
  custom:audio-encoder-webm-vorbis: bf7c407c2cedff20999df2af8eb42d56 -> 
========================================================================
Received Import Request.
  Time since last request: 164.120526 seconds.
  path: Assets/Scripts/Points.cs
  artifactKey: Guid(5575484ab1fa43648ba8aab5ca8431ea) Importer(815301076,1909f56bfc062723c751e8b465ee728b)
Start importing Assets/Scripts/Points.cs using Guid(5575484ab1fa43648ba8aab5ca8431ea) Importer(815301076,1909f56bfc062723c751e8b465ee728b)  -> (artifact id: '6df6e25224d8ba1e143965b80c5491de') in 0.004662 seconds 
  Import took 0.007164 seconds .

========================================================================
Received Import Request.
  Time since last request: 48.223065 seconds.
  path: Assets/Scripts/ReceiveHandData.cs
  artifactKey: Guid(281684ced816cf143ab268a1ade133f8) Importer(815301076,1909f56bfc062723c751e8b465ee728b)
Start importing Assets/Scripts/ReceiveHandData.cs using Guid(281684ced816cf143ab268a1ade133f8) Importer(815301076,1909f56bfc062723c751e8b465ee728b)  -> (artifact id: '4a543a0337bf9b2705b0c98fbf2d7a60') in 0.002684 seconds 
  Import took 0.005131 seconds .

========================================================================
Received Import Request.
  Time since last request: 0.001500 seconds.
  path: Assets/Scripts/ReceiveHandData.cs
  artifactKey: Guid(281684ced816cf143ab268a1ade133f8) Importer(815301076,1909f56bfc062723c751e8b465ee728b)
Start importing Assets/Scripts/ReceiveHandData.cs using Guid(281684ced816cf143ab268a1ade133f8) Importer(815301076,1909f56bfc062723c751e8b465ee728b)  -> (artifact id: '4a543a0337bf9b2705b0c98fbf2d7a60') in 0.002233 seconds 
  Import took 0.004654 seconds .

========================================================================
Received Prepare
Registering precompiled user dll's ...
Registered in 0.004367 seconds.
Begin MonoManager ReloadAssembly
Native extension for WindowsStandalone target not found
Refreshing native plugins compatible for Editor in 0.35 ms, found 2 plugins.
Preloading 0 native plugins for Editor in 0.00 ms.
Mono: successfully reloaded assembly
- Completed reload, in  1.032 seconds
Platform modules already initialized, skipping
Refreshing native plugins compatible for Editor in 0.57 ms, found 2 plugins.
Preloading 0 native plugins for Editor in 0.00 ms.
Unloading 1406 Unused Serialized files (Serialized files now loaded: 0)
System memory in use before: 69.6 MB.
System memory in use after: 69.7 MB.

Unloading 14 unused Assets to reduce memory usage. Loaded Objects now: 1923.
Total: 2.389200 ms (FindLiveObjects: 0.191500 ms CreateObjectMapping: 0.179100 ms MarkObjects: 1.962900 ms  DeleteObjects: 0.054400 ms)

AssetImportParameters requested are different than current active one (requested -> active):
  custom:framework-win-MediaFoundation: 216162199b28c13a410421893ffa2e32 -> 
  custom:video-decoder-ogg-theora: a1e56fd34408186e4bbccfd4996cb3dc -> 
  custom:container-muxer-webm: aa71ff27fc2769a1b78a27578f13a17b -> 
  custom:container-demuxer-webm: 4f35f7cbe854078d1ac9338744f61a02 -> 
  custom:container-demuxer-ogg: 62fdf1f143b41e24485cea50d1cbac27 -> 
  custom:video-encoder-webm-vp8: eb34c28f22e8b96e1ab97ce403110664 -> 
  custom:video-decoder-webm-vp8: 9c59270c3fd7afecdb556c50c9e8de78 -> 
  custom:audio-decoder-ogg-vorbis: bf7c407c2cedff20999df2af8eb42d56 -> 
  custom:audio-encoder-webm-vorbis: bf7c407c2cedff20999df2af8eb42d56 -> 
========================================================================
Received Import Request.
  Time since last request: 383.281150 seconds.
  path: ProjectSettings/TagManager.asset
  artifactKey: Guid(00000000000000003000000000000000) Importer(815301076,1909f56bfc062723c751e8b465ee728b)
Start importing ProjectSettings/TagManager.asset using Guid(00000000000000003000000000000000) Importer(815301076,1909f56bfc062723c751e8b465ee728b)  -> (artifact id: 'ce6a35c3cddc746e7501c0bd0ed6d4ce') in 0.025381 seconds 
  Import took 0.027978 seconds .

========================================================================
Received Prepare
Registering precompiled user dll's ...
Registered in 0.004219 seconds.
Begin MonoManager ReloadAssembly
Native extension for WindowsStandalone target not found
Refreshing native plugins compatible for Editor in 0.35 ms, found 2 plugins.
Preloading 0 native plugins for Editor in 0.00 ms.
Mono: successfully reloaded assembly
- Completed reload, in  0.924 seconds
Platform modules already initialized, skipping
Refreshing native plugins compatible for Editor in 0.34 ms, found 2 plugins.
Preloading 0 native plugins for Editor in 0.00 ms.
Unloading 1406 Unused Serialized files (Serialized files now loaded: 0)
System memory in use before: 69.6 MB.
System memory in use after: 69.7 MB.

Unloading 15 unused Assets to reduce memory usage. Loaded Objects now: 1926.
Total: 1.957400 ms (FindLiveObjects: 0.197500 ms CreateObjectMapping: 0.042600 ms MarkObjects: 1.665900 ms  DeleteObjects: 0.050300 ms)

AssetImportParameters requested are different than current active one (requested -> active):
  custom:framework-win-MediaFoundation: 216162199b28c13a410421893ffa2e32 -> 
  custom:video-decoder-ogg-theora: a1e56fd34408186e4bbccfd4996cb3dc -> 
  custom:container-muxer-webm: aa71ff27fc2769a1b78a27578f13a17b -> 
  custom:container-demuxer-webm: 4f35f7cbe854078d1ac9338744f61a02 -> 
  custom:container-demuxer-ogg: 62fdf1f143b41e24485cea50d1cbac27 -> 
  custom:video-encoder-webm-vp8: eb34c28f22e8b96e1ab97ce403110664 -> 
  custom:video-decoder-webm-vp8: 9c59270c3fd7afecdb556c50c9e8de78 -> 
  custom:audio-decoder-ogg-vorbis: bf7c407c2cedff20999df2af8eb42d56 -> 
  custom:audio-encoder-webm-vorbis: bf7c407c2cedff20999df2af8eb42d56 -> 
AssetImportWorkerClient::OnTransportError - code=2 error=End of file
