Using pre-set license
Built from '2020.3/staging' branch; Version is '2020.3.13f1 (71691879b7f5) revision 7432472'; Using compiler version '192528614'; Build Type 'Release'
OS: 'Windows 10 Home; OS build 19042.1526; Version 2009; 64bit' Language: 'pt' Physical Memory: 16328 MB
BatchMode: 1, IsHumanControllingUs: 0, StartBugReporterOnCrash: 0, Is64bit: 1, IsPro: 0

 COMMAND LINE ARGUMENTS:
D:\Unity\2020.3.13f1\Editor\Unity.exe
-adb2
-batchMode
-noUpm
-name
AssetImportWorker0
-projectPath
C:/Users/tiago/Documents/Thesis-Project/Motor_Task/Unity_Project/Motor_Task
-logFile
Logs/AssetImportWorker0.log
-srvPort
61253
Successfully changed project path to: C:/Users/tiago/Documents/Thesis-Project/Motor_Task/Unity_Project/Motor_Task
C:/Users/tiago/Documents/Thesis-Project/Motor_Task/Unity_Project/Motor_Task
Using Asset Import Pipeline V2.
Refreshing native plugins compatible for Editor in 32.09 ms, found 2 plugins.
Preloading 0 native plugins for Editor in 0.00 ms.
Initialize engine version: 2020.3.13f1 (71691879b7f5)
[Subsystems] Discovering subsystems at path D:/Unity/2020.3.13f1/Editor/Data/Resources/UnitySubsystems
[Subsystems] Discovering subsystems at path C:/Users/tiago/Documents/Thesis-Project/Motor_Task/Unity_Project/Motor_Task/Assets
GfxDevice: creating device client; threaded=0
Direct3D:
    Version:  Direct3D 11.0 [level 11.1]
    Renderer: NVIDIA GeForce RTX 3050 (ID=0x2507)
    Vendor:   
    VRAM:     8070 MB
    Driver:   30.0.15.1179
Initialize mono
Mono path[0] = 'D:/Unity/2020.3.13f1/Editor/Data/Managed'
Mono path[1] = 'D:/Unity/2020.3.13f1/Editor/Data/MonoBleedingEdge/lib/mono/unityjit'
Mono config path = 'D:/Unity/2020.3.13f1/Editor/Data/MonoBleedingEdge/etc'
Using monoOptions --debugger-agent=transport=dt_socket,embedding=1,server=y,suspend=n,address=127.0.0.1:56280
Begin MonoManager ReloadAssembly
Registering precompiled unity dll's ...
Register platform support module: D:/Unity/2020.3.13f1/Editor/Data/PlaybackEngines/WindowsStandaloneSupport/UnityEditor.WindowsStandalone.Extensions.dll
Registered in 0.001445 seconds.
Native extension for WindowsStandalone target not found
Refreshing native plugins compatible for Editor in 32.50 ms, found 2 plugins.
Preloading 0 native plugins for Editor in 0.00 ms.
Mono: successfully reloaded assembly
- Completed reload, in  0.926 seconds
Platform modules already initialized, skipping
Registering precompiled user dll's ...
Registered in 0.004228 seconds.
Begin MonoManager ReloadAssembly
Native extension for WindowsStandalone target not found
Refreshing native plugins compatible for Editor in 0.46 ms, found 2 plugins.
Preloading 0 native plugins for Editor in 0.00 ms.
Mono: successfully reloaded assembly
- Completed reload, in  0.999 seconds
Platform modules already initialized, skipping
========================================================================
Worker process is ready to serve import requests
Launched and connected shader compiler UnityShaderCompiler.exe after 0.06 seconds
Refreshing native plugins compatible for Editor in 0.32 ms, found 2 plugins.
Preloading 0 native plugins for Editor in 0.00 ms.
Unloading 1412 Unused Serialized files (Serialized files now loaded: 0)
System memory in use before: 66.0 MB.
System memory in use after: 66.0 MB.

Unloading 19 unused Assets to reduce memory usage. Loaded Objects now: 1847.
Total: 2.210900 ms (FindLiveObjects: 0.162900 ms CreateObjectMapping: 0.039200 ms MarkObjects: 1.913900 ms  DeleteObjects: 0.093700 ms)

AssetImportParameters requested are different than current active one (requested -> active):
  custom:framework-win-MediaFoundation: 216162199b28c13a410421893ffa2e32 -> 
  custom:video-decoder-ogg-theora: a1e56fd34408186e4bbccfd4996cb3dc -> 
  custom:container-muxer-webm: aa71ff27fc2769a1b78a27578f13a17b -> 
  custom:container-demuxer-webm: 4f35f7cbe854078d1ac9338744f61a02 -> 
  custom:container-demuxer-ogg: 62fdf1f143b41e24485cea50d1cbac27 -> 
  custom:video-encoder-webm-vp8: eb34c28f22e8b96e1ab97ce403110664 -> 
  custom:video-decoder-webm-vp8: 9c59270c3fd7afecdb556c50c9e8de78 -> 
  custom:audio-decoder-ogg-vorbis: bf7c407c2cedff20999df2af8eb42d56 -> 
  custom:audio-encoder-webm-vorbis: bf7c407c2cedff20999df2af8eb42d56 -> 
========================================================================
Received Import Request.
  path: Assets/Resources/Materials/New Material 10.mat
  artifactKey: Guid(9f757fec54c065640bb3cb50b33dd687) Importer(815301076,1909f56bfc062723c751e8b465ee728b)
Start importing Assets/Resources/Materials/New Material 10.mat using Guid(9f757fec54c065640bb3cb50b33dd687) Importer(815301076,1909f56bfc062723c751e8b465ee728b)  -> (artifact id: '74af1af483a0125fd0e56bb852b47983') in 0.109882 seconds 
  Import took 0.112239 seconds .

========================================================================
Received Import Request.
  Time since last request: 0.000198 seconds.
  path: Assets/Resources/Materials/3_y.mat
  artifactKey: Guid(2c0683069c44eb744a67da36c659634f) Importer(815301076,1909f56bfc062723c751e8b465ee728b)
Start importing Assets/Resources/Materials/3_y.mat using Guid(2c0683069c44eb744a67da36c659634f) Importer(815301076,1909f56bfc062723c751e8b465ee728b)  -> (artifact id: '07dabe51a3e873d3d6756017039619bc') in 0.013859 seconds 
  Import took 0.016043 seconds .

========================================================================
Received Import Request.
  Time since last request: 0.000163 seconds.
  path: Assets/Resources/Materials/0.y.mat
  artifactKey: Guid(df4ecc3e1d9214443b5279eff6bd4430) Importer(815301076,1909f56bfc062723c751e8b465ee728b)
Start importing Assets/Resources/Materials/0.y.mat using Guid(df4ecc3e1d9214443b5279eff6bd4430) Importer(815301076,1909f56bfc062723c751e8b465ee728b)  -> (artifact id: '514a7581c9c84b4a1f5f910dc3345d9f') in 0.024622 seconds 
  Import took 0.026738 seconds .

========================================================================
Received Import Request.
  Time since last request: 0.000263 seconds.
  path: Assets/Materials/0_y.png
  artifactKey: Guid(6b09b05bb55cfc14f8389ee7f15a8a1d) Importer(815301076,1909f56bfc062723c751e8b465ee728b)
Start importing Assets/Materials/0_y.png using Guid(6b09b05bb55cfc14f8389ee7f15a8a1d) Importer(815301076,1909f56bfc062723c751e8b465ee728b)  -> (artifact id: '2606ee551d9d93909467cef0add08d28') in 0.016871 seconds 
  Import took 0.018992 seconds .

========================================================================
Received Import Request.
  Time since last request: 79.916359 seconds.
  path: Assets/Resources/Materials/0.png
  artifactKey: Guid(39a15e028bb6bf64f9830e9de07e8747) Importer(815301076,1909f56bfc062723c751e8b465ee728b)
Start importing Assets/Resources/Materials/0.png using Guid(39a15e028bb6bf64f9830e9de07e8747) Importer(815301076,1909f56bfc062723c751e8b465ee728b)  -> (artifact id: '09826f05da3baf6d1d51489886188e1e') in 0.005956 seconds 
  Import took 0.008658 seconds .

========================================================================
Received Import Request.
  Time since last request: 0.000162 seconds.
  path: Assets/Resources/Materials/8.png
  artifactKey: Guid(cd250e13f8d466c42868494d756b6997) Importer(815301076,1909f56bfc062723c751e8b465ee728b)
Start importing Assets/Resources/Materials/8.png using Guid(cd250e13f8d466c42868494d756b6997) Importer(815301076,1909f56bfc062723c751e8b465ee728b)  -> (artifact id: '7c9b0bcd29780e970b4296a7d590df13') in 0.005701 seconds 
  Import took 0.008081 seconds .

========================================================================
Received Import Request.
  Time since last request: 0.000174 seconds.
  path: Assets/Resources/Materials/5.png
  artifactKey: Guid(1c63b189f65c5094db00191fb471203d) Importer(815301076,1909f56bfc062723c751e8b465ee728b)
Start importing Assets/Resources/Materials/5.png using Guid(1c63b189f65c5094db00191fb471203d) Importer(815301076,1909f56bfc062723c751e8b465ee728b)  -> (artifact id: '141798a637eeb76a9bbd72957cad3704') in 0.013008 seconds 
  Import took 0.015415 seconds .

========================================================================
Received Import Request.
  Time since last request: 0.000183 seconds.
  path: Assets/Resources/Materials/2.png
  artifactKey: Guid(58bb34678ab852741b3e623697edd99b) Importer(815301076,1909f56bfc062723c751e8b465ee728b)
Start importing Assets/Resources/Materials/2.png using Guid(58bb34678ab852741b3e623697edd99b) Importer(815301076,1909f56bfc062723c751e8b465ee728b)  -> (artifact id: '31c8b6cea3e6cd7e0987c1fc4c684509') in 0.016848 seconds 
  Import took 0.019131 seconds .

========================================================================
Received Import Request.
  Time since last request: 0.000156 seconds.
  path: Assets/Resources/Materials/7.png
  artifactKey: Guid(78d3ed19d9d530a49bc57a226e6688aa) Importer(815301076,1909f56bfc062723c751e8b465ee728b)
Start importing Assets/Resources/Materials/7.png using Guid(78d3ed19d9d530a49bc57a226e6688aa) Importer(815301076,1909f56bfc062723c751e8b465ee728b)  -> (artifact id: '2c6e965e45dd1562d0b99cb6c8fb9a92') in 0.010744 seconds 
  Import took 0.013077 seconds .

========================================================================
Received Import Request.
  Time since last request: 0.000219 seconds.
  path: Assets/Resources/Materials/3.png
  artifactKey: Guid(75a771c66f4c9684f865d03def31c64b) Importer(815301076,1909f56bfc062723c751e8b465ee728b)
Start importing Assets/Resources/Materials/3.png using Guid(75a771c66f4c9684f865d03def31c64b) Importer(815301076,1909f56bfc062723c751e8b465ee728b)  -> (artifact id: 'bdf8e56cf1333298cc8afb7afb335f51') in 0.005336 seconds 
  Import took 0.008307 seconds .

========================================================================
Received Import Request.
  Time since last request: 0.000169 seconds.
  path: Assets/Resources/Materials/9.png
  artifactKey: Guid(bce6e5462d180504893872e0c6b39e80) Importer(815301076,1909f56bfc062723c751e8b465ee728b)
Start importing Assets/Resources/Materials/9.png using Guid(bce6e5462d180504893872e0c6b39e80) Importer(815301076,1909f56bfc062723c751e8b465ee728b)  -> (artifact id: '1280f2f4b26860af75b2040d7a4fb99b') in 0.005228 seconds 
  Import took 0.007585 seconds .

========================================================================
Received Import Request.
  Time since last request: 0.000170 seconds.
  path: Assets/Resources/Materials/1.png
  artifactKey: Guid(f8d8c4094c43eec40bd1cd4e12bb30b4) Importer(815301076,1909f56bfc062723c751e8b465ee728b)
Start importing Assets/Resources/Materials/1.png using Guid(f8d8c4094c43eec40bd1cd4e12bb30b4) Importer(815301076,1909f56bfc062723c751e8b465ee728b)  -> (artifact id: 'fb2abd77b5d3fc9ad69352179ef4e201') in 0.010807 seconds 
  Import took 0.013262 seconds .

========================================================================
Received Import Request.
  Time since last request: 0.000188 seconds.
  path: Assets/Resources/Materials/4.png
  artifactKey: Guid(1d33ef27e2673474097eeb33804da3a6) Importer(815301076,1909f56bfc062723c751e8b465ee728b)
Start importing Assets/Resources/Materials/4.png using Guid(1d33ef27e2673474097eeb33804da3a6) Importer(815301076,1909f56bfc062723c751e8b465ee728b)  -> (artifact id: '04d372973ae44aafe525c22cd5cc3804') in 0.010377 seconds 
  Import took 0.012927 seconds .

========================================================================
Received Import Request.
  Time since last request: 0.000169 seconds.
  path: Assets/Resources/Materials/6.png
  artifactKey: Guid(052343e96b54b72448e6ef8c3aff72c0) Importer(815301076,1909f56bfc062723c751e8b465ee728b)
Start importing Assets/Resources/Materials/6.png using Guid(052343e96b54b72448e6ef8c3aff72c0) Importer(815301076,1909f56bfc062723c751e8b465ee728b)  -> (artifact id: 'f626a2a950623cbb19984492ce564f92') in 0.010090 seconds 
  Import took 0.012563 seconds .

========================================================================
Received Import Request.
  Time since last request: 26.281473 seconds.
  path: Assets/Resources/Materials/New Material 1.mat
  artifactKey: Guid(8f9d203e05498954a8d16df01ea0d86c) Importer(815301076,1909f56bfc062723c751e8b465ee728b)
Start importing Assets/Resources/Materials/New Material 1.mat using Guid(8f9d203e05498954a8d16df01ea0d86c) Importer(815301076,1909f56bfc062723c751e8b465ee728b)  -> (artifact id: '35d613de01e6c0e58ffd49d840d0b62a') in 0.020313 seconds 
  Import took 0.022824 seconds .

========================================================================
Received Import Request.
  Time since last request: 5.408609 seconds.
  path: Assets/Resources/Materials/New Material 2.mat
  artifactKey: Guid(6338f3ff19acbf44cbca243ef810a3ea) Importer(815301076,1909f56bfc062723c751e8b465ee728b)
Start importing Assets/Resources/Materials/New Material 2.mat using Guid(6338f3ff19acbf44cbca243ef810a3ea) Importer(815301076,1909f56bfc062723c751e8b465ee728b)  -> (artifact id: '9913ec8a47ee2c10573401f497c68bc9') in 0.018315 seconds 
  Import took 0.020749 seconds .

========================================================================
Received Import Request.
  Time since last request: 10.959783 seconds.
  path: Assets/Resources/Materials/New Material 3.mat
  artifactKey: Guid(8e82590f986894b409e89ec1bfb77ad9) Importer(815301076,1909f56bfc062723c751e8b465ee728b)
Start importing Assets/Resources/Materials/New Material 3.mat using Guid(8e82590f986894b409e89ec1bfb77ad9) Importer(815301076,1909f56bfc062723c751e8b465ee728b)  -> (artifact id: '3c8a089fa8f414fa6e740d61afa7e087') in 0.011732 seconds 
  Import took 0.014212 seconds .

========================================================================
Received Import Request.
  Time since last request: 4.368201 seconds.
  path: Assets/Resources/Materials/New Material 4.mat
  artifactKey: Guid(c23cd432ec05c6f458013d3167df0291) Importer(815301076,1909f56bfc062723c751e8b465ee728b)
Start importing Assets/Resources/Materials/New Material 4.mat using Guid(c23cd432ec05c6f458013d3167df0291) Importer(815301076,1909f56bfc062723c751e8b465ee728b)  -> (artifact id: 'f8c48c4e82e7ec52b25db0e9e3fb4862') in 0.011787 seconds 
  Import took 0.014411 seconds .

========================================================================
Received Import Request.
  Time since last request: 3.163257 seconds.
  path: Assets/Resources/Materials/New Material 5.mat
  artifactKey: Guid(32ca47a11db0a6b4790971dbcc9a4cae) Importer(815301076,1909f56bfc062723c751e8b465ee728b)
Start importing Assets/Resources/Materials/New Material 5.mat using Guid(32ca47a11db0a6b4790971dbcc9a4cae) Importer(815301076,1909f56bfc062723c751e8b465ee728b)  -> (artifact id: '3a8c02bd109ac3591c4896056104f029') in 0.012110 seconds 
  Import took 0.014765 seconds .

========================================================================
Received Import Request.
  Time since last request: 7.383122 seconds.
  path: Assets/Resources/Materials/New Material 6.mat
  artifactKey: Guid(231d86f72f9576048973a04720be9105) Importer(815301076,1909f56bfc062723c751e8b465ee728b)
Start importing Assets/Resources/Materials/New Material 6.mat using Guid(231d86f72f9576048973a04720be9105) Importer(815301076,1909f56bfc062723c751e8b465ee728b)  -> (artifact id: 'f004472942ad5ba0cbea3378df607cb8') in 0.017674 seconds 
  Import took 0.020327 seconds .

========================================================================
Received Import Request.
  Time since last request: 1.363901 seconds.
  path: Assets/Resources/Materials/New Material 7.mat
  artifactKey: Guid(bf2cbbe7b44a73e4a82eb06cf3384a60) Importer(815301076,1909f56bfc062723c751e8b465ee728b)
Start importing Assets/Resources/Materials/New Material 7.mat using Guid(bf2cbbe7b44a73e4a82eb06cf3384a60) Importer(815301076,1909f56bfc062723c751e8b465ee728b)  -> (artifact id: '951c28e6d91e6e2367deb6a1829cd492') in 0.027654 seconds 
  Import took 0.030320 seconds .

========================================================================
Received Import Request.
  Time since last request: 0.000200 seconds.
  path: Assets/Resources/Materials/New Material 11.mat
  artifactKey: Guid(3559913b55f1d9445be0d97a79fd940b) Importer(815301076,1909f56bfc062723c751e8b465ee728b)
Start importing Assets/Resources/Materials/New Material 11.mat using Guid(3559913b55f1d9445be0d97a79fd940b) Importer(815301076,1909f56bfc062723c751e8b465ee728b)  -> (artifact id: '813d8056e239b2c540d0c8baa25fc2ca') in 0.018385 seconds 
  Import took 0.020819 seconds .

========================================================================
Received Import Request.
  Time since last request: 42.107416 seconds.
  path: Assets/Resources/Materials/0.mat
  artifactKey: Guid(8f9d203e05498954a8d16df01ea0d86c) Importer(815301076,1909f56bfc062723c751e8b465ee728b)
Start importing Assets/Resources/Materials/0.mat using Guid(8f9d203e05498954a8d16df01ea0d86c) Importer(815301076,1909f56bfc062723c751e8b465ee728b)  -> (artifact id: 'b7bddaac795ee47791689ce8443de696') in 0.019461 seconds 
  Import took 0.021894 seconds .

========================================================================
Received Import Request.
  Time since last request: 19.578505 seconds.
  path: Assets/Resources/Materials/1.mat
  artifactKey: Guid(6338f3ff19acbf44cbca243ef810a3ea) Importer(815301076,1909f56bfc062723c751e8b465ee728b)
Start importing Assets/Resources/Materials/1.mat using Guid(6338f3ff19acbf44cbca243ef810a3ea) Importer(815301076,1909f56bfc062723c751e8b465ee728b)  -> (artifact id: '439a8e6fa23d0bbaaec8fc397c287162') in 0.019848 seconds 
  Import took 0.022279 seconds .

========================================================================
Received Import Request.
  Time since last request: 16.026012 seconds.
  path: Assets/Resources/Materials/2.mat
  artifactKey: Guid(8e82590f986894b409e89ec1bfb77ad9) Importer(815301076,1909f56bfc062723c751e8b465ee728b)
Start importing Assets/Resources/Materials/2.mat using Guid(8e82590f986894b409e89ec1bfb77ad9) Importer(815301076,1909f56bfc062723c751e8b465ee728b)  -> (artifact id: 'ea32119669ab72249f22adc5177b3605') in 0.021733 seconds 
  Import took 0.024181 seconds .

========================================================================
Received Import Request.
  Time since last request: 12.250443 seconds.
  path: Assets/Resources/Materials/3.mat
  artifactKey: Guid(c23cd432ec05c6f458013d3167df0291) Importer(815301076,1909f56bfc062723c751e8b465ee728b)
Start importing Assets/Resources/Materials/3.mat using Guid(c23cd432ec05c6f458013d3167df0291) Importer(815301076,1909f56bfc062723c751e8b465ee728b)  -> (artifact id: '98b971f48e1eca42c2a026c655fd40ec') in 0.025939 seconds 
  Import took 0.028407 seconds .

========================================================================
Received Import Request.
  Time since last request: 11.938405 seconds.
  path: Assets/Resources/Materials/4.mat
  artifactKey: Guid(32ca47a11db0a6b4790971dbcc9a4cae) Importer(815301076,1909f56bfc062723c751e8b465ee728b)
Start importing Assets/Resources/Materials/4.mat using Guid(32ca47a11db0a6b4790971dbcc9a4cae) Importer(815301076,1909f56bfc062723c751e8b465ee728b)  -> (artifact id: '45528e60f60a69b126724178e4c04b5f') in 0.040221 seconds 
  Import took 0.042598 seconds .

========================================================================
Received Import Request.
  Time since last request: 0.002255 seconds.
  path: Assets/Resources/Materials/4.mat
  artifactKey: Guid(32ca47a11db0a6b4790971dbcc9a4cae) Importer(815301076,1909f56bfc062723c751e8b465ee728b)
Start importing Assets/Resources/Materials/4.mat using Guid(32ca47a11db0a6b4790971dbcc9a4cae) Importer(815301076,1909f56bfc062723c751e8b465ee728b)  -> (artifact id: '45528e60f60a69b126724178e4c04b5f') in 0.015447 seconds 
  Import took 0.017728 seconds .

========================================================================
Received Import Request.
  Time since last request: 33.803091 seconds.
  path: Assets/Resources/Materials/9.mat
  artifactKey: Guid(9f757fec54c065640bb3cb50b33dd687) Importer(815301076,1909f56bfc062723c751e8b465ee728b)
Start importing Assets/Resources/Materials/9.mat using Guid(9f757fec54c065640bb3cb50b33dd687) Importer(815301076,1909f56bfc062723c751e8b465ee728b)  -> (artifact id: '6e989317bac15e3a04a15ea629189a2e') in 0.020475 seconds 
  Import took 0.023042 seconds .

========================================================================
Received Import Request.
  Time since last request: 5.615016 seconds.
  path: Assets/Resources/Materials/8.mat
  artifactKey: Guid(ee99879bc8ebf0246958704fe427887f) Importer(815301076,1909f56bfc062723c751e8b465ee728b)
Start importing Assets/Resources/Materials/8.mat using Guid(ee99879bc8ebf0246958704fe427887f) Importer(815301076,1909f56bfc062723c751e8b465ee728b)  -> (artifact id: '1a8e61fee84de2202f37bb07ea914a36') in 0.022410 seconds 
  Import took 0.024853 seconds .

========================================================================
Received Import Request.
  Time since last request: 4.742176 seconds.
  path: Assets/Resources/Materials/7.mat
  artifactKey: Guid(49215eededd374645a04a8f1630014a7) Importer(815301076,1909f56bfc062723c751e8b465ee728b)
Start importing Assets/Resources/Materials/7.mat using Guid(49215eededd374645a04a8f1630014a7) Importer(815301076,1909f56bfc062723c751e8b465ee728b)  -> (artifact id: 'ee3d1ebff1e4f7a50676d42db2f066e6') in 0.011967 seconds 
  Import took 0.014434 seconds .

========================================================================
Received Import Request.
  Time since last request: 5.473114 seconds.
  path: Assets/Resources/Materials/6.mat
  artifactKey: Guid(bf2cbbe7b44a73e4a82eb06cf3384a60) Importer(815301076,1909f56bfc062723c751e8b465ee728b)
Start importing Assets/Resources/Materials/6.mat using Guid(bf2cbbe7b44a73e4a82eb06cf3384a60) Importer(815301076,1909f56bfc062723c751e8b465ee728b)  -> (artifact id: '5f5fa9daa609b2e72ca4cda23eddadda') in 0.021256 seconds 
  Import took 0.023687 seconds .

========================================================================
Received Import Request.
  Time since last request: 6.707787 seconds.
  path: Assets/Resources/Materials/5.mat
  artifactKey: Guid(231d86f72f9576048973a04720be9105) Importer(815301076,1909f56bfc062723c751e8b465ee728b)
Start importing Assets/Resources/Materials/5.mat using Guid(231d86f72f9576048973a04720be9105) Importer(815301076,1909f56bfc062723c751e8b465ee728b)  -> (artifact id: 'ef4bbca11d90486ad9d43d1b96f32693') in 0.026865 seconds 
  Import took 0.029302 seconds .

========================================================================
Received Prepare
Registering precompiled user dll's ...
Registered in 0.004773 seconds.
Begin MonoManager ReloadAssembly
Native extension for WindowsStandalone target not found
Refreshing native plugins compatible for Editor in 0.35 ms, found 2 plugins.
Preloading 0 native plugins for Editor in 0.00 ms.
Mono: successfully reloaded assembly
- Completed reload, in  0.942 seconds
Platform modules already initialized, skipping
Refreshing native plugins compatible for Editor in 0.34 ms, found 2 plugins.
Preloading 0 native plugins for Editor in 0.00 ms.
Unloading 1408 Unused Serialized files (Serialized files now loaded: 0)
System memory in use before: 69.2 MB.
System memory in use after: 69.3 MB.

Unloading 14 unused Assets to reduce memory usage. Loaded Objects now: 1892.
Total: 2.065200 ms (FindLiveObjects: 0.156400 ms CreateObjectMapping: 0.036400 ms MarkObjects: 1.815600 ms  DeleteObjects: 0.055500 ms)

AssetImportParameters requested are different than current active one (requested -> active):
  custom:framework-win-MediaFoundation: 216162199b28c13a410421893ffa2e32 -> 
  custom:video-decoder-ogg-theora: a1e56fd34408186e4bbccfd4996cb3dc -> 
  custom:container-muxer-webm: aa71ff27fc2769a1b78a27578f13a17b -> 
  custom:container-demuxer-webm: 4f35f7cbe854078d1ac9338744f61a02 -> 
  custom:container-demuxer-ogg: 62fdf1f143b41e24485cea50d1cbac27 -> 
  custom:video-encoder-webm-vp8: eb34c28f22e8b96e1ab97ce403110664 -> 
  custom:video-decoder-webm-vp8: 9c59270c3fd7afecdb556c50c9e8de78 -> 
  custom:audio-decoder-ogg-vorbis: bf7c407c2cedff20999df2af8eb42d56 -> 
  custom:audio-encoder-webm-vorbis: bf7c407c2cedff20999df2af8eb42d56 -> 
========================================================================
Received Prepare
Registering precompiled user dll's ...
Registered in 0.004097 seconds.
Begin MonoManager ReloadAssembly
Native extension for WindowsStandalone target not found
Refreshing native plugins compatible for Editor in 0.34 ms, found 2 plugins.
Preloading 0 native plugins for Editor in 0.00 ms.
Mono: successfully reloaded assembly
- Completed reload, in  0.919 seconds
Platform modules already initialized, skipping
Refreshing native plugins compatible for Editor in 0.34 ms, found 2 plugins.
Preloading 0 native plugins for Editor in 0.00 ms.
Unloading 1408 Unused Serialized files (Serialized files now loaded: 0)
System memory in use before: 69.3 MB.
System memory in use after: 69.3 MB.

Unloading 14 unused Assets to reduce memory usage. Loaded Objects now: 1895.
Total: 1.939900 ms (FindLiveObjects: 0.154000 ms CreateObjectMapping: 0.037100 ms MarkObjects: 1.689600 ms  DeleteObjects: 0.058400 ms)

AssetImportParameters requested are different than current active one (requested -> active):
  custom:framework-win-MediaFoundation: 216162199b28c13a410421893ffa2e32 -> 
  custom:video-decoder-ogg-theora: a1e56fd34408186e4bbccfd4996cb3dc -> 
  custom:container-muxer-webm: aa71ff27fc2769a1b78a27578f13a17b -> 
  custom:container-demuxer-webm: 4f35f7cbe854078d1ac9338744f61a02 -> 
  custom:container-demuxer-ogg: 62fdf1f143b41e24485cea50d1cbac27 -> 
  custom:video-encoder-webm-vp8: eb34c28f22e8b96e1ab97ce403110664 -> 
  custom:video-decoder-webm-vp8: 9c59270c3fd7afecdb556c50c9e8de78 -> 
  custom:audio-decoder-ogg-vorbis: bf7c407c2cedff20999df2af8eb42d56 -> 
  custom:audio-encoder-webm-vorbis: bf7c407c2cedff20999df2af8eb42d56 -> 
========================================================================
Received Prepare
Registering precompiled user dll's ...
Registered in 0.004454 seconds.
Begin MonoManager ReloadAssembly
Native extension for WindowsStandalone target not found
Refreshing native plugins compatible for Editor in 0.35 ms, found 2 plugins.
Preloading 0 native plugins for Editor in 0.00 ms.
Mono: successfully reloaded assembly
- Completed reload, in  0.918 seconds
Platform modules already initialized, skipping
Refreshing native plugins compatible for Editor in 0.35 ms, found 2 plugins.
Preloading 0 native plugins for Editor in 0.00 ms.
Unloading 1408 Unused Serialized files (Serialized files now loaded: 0)
System memory in use before: 69.3 MB.
System memory in use after: 69.4 MB.

Unloading 14 unused Assets to reduce memory usage. Loaded Objects now: 1898.
Total: 1.967500 ms (FindLiveObjects: 0.157300 ms CreateObjectMapping: 0.035600 ms MarkObjects: 1.719200 ms  DeleteObjects: 0.054400 ms)

AssetImportParameters requested are different than current active one (requested -> active):
  custom:framework-win-MediaFoundation: 216162199b28c13a410421893ffa2e32 -> 
  custom:video-decoder-ogg-theora: a1e56fd34408186e4bbccfd4996cb3dc -> 
  custom:container-muxer-webm: aa71ff27fc2769a1b78a27578f13a17b -> 
  custom:container-demuxer-webm: 4f35f7cbe854078d1ac9338744f61a02 -> 
  custom:container-demuxer-ogg: 62fdf1f143b41e24485cea50d1cbac27 -> 
  custom:video-encoder-webm-vp8: eb34c28f22e8b96e1ab97ce403110664 -> 
  custom:video-decoder-webm-vp8: 9c59270c3fd7afecdb556c50c9e8de78 -> 
  custom:audio-decoder-ogg-vorbis: bf7c407c2cedff20999df2af8eb42d56 -> 
  custom:audio-encoder-webm-vorbis: bf7c407c2cedff20999df2af8eb42d56 -> 
AssetImportWorkerClient::OnTransportError - code=2 error=End of file
