Using pre-set license
Built from '2020.3/staging' branch; Version is '2020.3.13f1 (71691879b7f5) revision 7432472'; Using compiler version '192528614'; Build Type 'Release'
OS: 'Windows 10 Home; OS build 19042.1526; Version 2009; 64bit' Language: 'pt' Physical Memory: 16328 MB
BatchMode: 1, IsHumanControllingUs: 0, StartBugReporterOnCrash: 0, Is64bit: 1, IsPro: 0

 COMMAND LINE ARGUMENTS:
D:\Unity\2020.3.13f1\Editor\Unity.exe
-adb2
-batchMode
-noUpm
-name
AssetImportWorker0
-projectPath
C:/Users/tiago/Documents/Thesis-Project/Motor_Task/Unity_Project/Motor_Task
-logFile
Logs/AssetImportWorker0.log
-srvPort
64580
Successfully changed project path to: C:/Users/tiago/Documents/Thesis-Project/Motor_Task/Unity_Project/Motor_Task
C:/Users/tiago/Documents/Thesis-Project/Motor_Task/Unity_Project/Motor_Task
Using Asset Import Pipeline V2.
Refreshing native plugins compatible for Editor in 31.76 ms, found 2 plugins.
Preloading 0 native plugins for Editor in 0.00 ms.
Initialize engine version: 2020.3.13f1 (71691879b7f5)
[Subsystems] Discovering subsystems at path D:/Unity/2020.3.13f1/Editor/Data/Resources/UnitySubsystems
[Subsystems] Discovering subsystems at path C:/Users/tiago/Documents/Thesis-Project/Motor_Task/Unity_Project/Motor_Task/Assets
GfxDevice: creating device client; threaded=0
Direct3D:
    Version:  Direct3D 11.0 [level 11.1]
    Renderer: NVIDIA GeForce RTX 3050 (ID=0x2507)
    Vendor:   
    VRAM:     8070 MB
    Driver:   30.0.15.1165
Initialize mono
Mono path[0] = 'D:/Unity/2020.3.13f1/Editor/Data/Managed'
Mono path[1] = 'D:/Unity/2020.3.13f1/Editor/Data/MonoBleedingEdge/lib/mono/unityjit'
Mono config path = 'D:/Unity/2020.3.13f1/Editor/Data/MonoBleedingEdge/etc'
Using monoOptions --debugger-agent=transport=dt_socket,embedding=1,server=y,suspend=n,address=127.0.0.1:56548
Begin MonoManager ReloadAssembly
Registering precompiled unity dll's ...
Register platform support module: D:/Unity/2020.3.13f1/Editor/Data/PlaybackEngines/WindowsStandaloneSupport/UnityEditor.WindowsStandalone.Extensions.dll
Registered in 0.001094 seconds.
Native extension for WindowsStandalone target not found
Refreshing native plugins compatible for Editor in 30.63 ms, found 2 plugins.
Preloading 0 native plugins for Editor in 0.00 ms.
Mono: successfully reloaded assembly
- Completed reload, in  0.880 seconds
Platform modules already initialized, skipping
Registering precompiled user dll's ...
Registered in 0.004207 seconds.
Begin MonoManager ReloadAssembly
Native extension for WindowsStandalone target not found
Refreshing native plugins compatible for Editor in 0.37 ms, found 2 plugins.
Preloading 0 native plugins for Editor in 0.00 ms.
Mono: successfully reloaded assembly
- Completed reload, in  1.015 seconds
Platform modules already initialized, skipping
========================================================================
Worker process is ready to serve import requests
Launched and connected shader compiler UnityShaderCompiler.exe after 0.04 seconds
Refreshing native plugins compatible for Editor in 0.32 ms, found 2 plugins.
Preloading 0 native plugins for Editor in 0.00 ms.
Unloading 1405 Unused Serialized files (Serialized files now loaded: 0)
System memory in use before: 65.7 MB.
System memory in use after: 65.7 MB.

Unloading 19 unused Assets to reduce memory usage. Loaded Objects now: 1839.
Total: 1.868900 ms (FindLiveObjects: 0.146900 ms CreateObjectMapping: 0.038300 ms MarkObjects: 1.603800 ms  DeleteObjects: 0.078800 ms)

AssetImportParameters requested are different than current active one (requested -> active):
  custom:framework-win-MediaFoundation: 216162199b28c13a410421893ffa2e32 -> 
  custom:video-decoder-ogg-theora: a1e56fd34408186e4bbccfd4996cb3dc -> 
  custom:container-muxer-webm: aa71ff27fc2769a1b78a27578f13a17b -> 
  custom:container-demuxer-webm: 4f35f7cbe854078d1ac9338744f61a02 -> 
  custom:container-demuxer-ogg: 62fdf1f143b41e24485cea50d1cbac27 -> 
  custom:video-encoder-webm-vp8: eb34c28f22e8b96e1ab97ce403110664 -> 
  custom:video-decoder-webm-vp8: 9c59270c3fd7afecdb556c50c9e8de78 -> 
  custom:audio-decoder-ogg-vorbis: bf7c407c2cedff20999df2af8eb42d56 -> 
  custom:audio-encoder-webm-vorbis: bf7c407c2cedff20999df2af8eb42d56 -> 
========================================================================
Received Import Request.
  path: Assets/Scenes/main.unity
  artifactKey: Guid(0c072ca962c86254dae5f8af4bca1667) Importer(815301076,1909f56bfc062723c751e8b465ee728b)
Start importing Assets/Scenes/main.unity using Guid(0c072ca962c86254dae5f8af4bca1667) Importer(815301076,1909f56bfc062723c751e8b465ee728b)  -> (artifact id: '082a07beab31c4ccab3e4ad1ab750c2f') in 0.017613 seconds 
  Import took 0.020214 seconds .

========================================================================
Received Import Request.
  Time since last request: 40.327195 seconds.
  path: Assets/Scripts/Username.cs
  artifactKey: Guid(538d2f637793c9f42bd087cffc6de4bf) Importer(815301076,1909f56bfc062723c751e8b465ee728b)
Start importing Assets/Scripts/Username.cs using Guid(538d2f637793c9f42bd087cffc6de4bf) Importer(815301076,1909f56bfc062723c751e8b465ee728b)  -> (artifact id: '7edeac09520b5cc954085d35fc7de12a') in 0.029081 seconds 
  Import took 0.031386 seconds .

========================================================================
Received Import Request.
  Time since last request: 0.074736 seconds.
  path: Assets/Materials/plane.mat
  artifactKey: Guid(ea0549a5822e1ec4c875b107b9cd43a4) Importer(815301076,1909f56bfc062723c751e8b465ee728b)
Start importing Assets/Materials/plane.mat using Guid(ea0549a5822e1ec4c875b107b9cd43a4) Importer(815301076,1909f56bfc062723c751e8b465ee728b)  -> (artifact id: '91033b52ac1299d694e0a5d61c66010e') in 0.087681 seconds 
  Import took 0.090641 seconds .

========================================================================
Received Import Request.
  Time since last request: 0.003772 seconds.
  path: Assets/Scripts/Calibration.cs
  artifactKey: Guid(112438d4dd5b14c4297e87f32672235c) Importer(815301076,1909f56bfc062723c751e8b465ee728b)
Start importing Assets/Scripts/Calibration.cs using Guid(112438d4dd5b14c4297e87f32672235c) Importer(815301076,1909f56bfc062723c751e8b465ee728b)  -> (artifact id: '3323855ecd537f9f1034304e920ea9db') in 0.006655 seconds 
  Import took 0.008916 seconds .

