Using pre-set license
Built from '2020.3/staging' branch; Version is '2020.3.13f1 (71691879b7f5) revision 7432472'; Using compiler version '192528614'; Build Type 'Release'
OS: 'Windows 10 Home; OS build 19044.1645; Version 2009; 64bit' Language: 'pt' Physical Memory: 16328 MB
BatchMode: 1, IsHumanControllingUs: 0, StartBugReporterOnCrash: 0, Is64bit: 1, IsPro: 0

 COMMAND LINE ARGUMENTS:
D:\Unity\2020.3.13f1\Editor\Unity.exe
-adb2
-batchMode
-noUpm
-name
AssetImportWorker0
-projectPath
C:/Users/tiago/Documents/Thesis-Project/Difficulty_2_NEW/Cognitive_Task/Unity_Project
-logFile
Logs/AssetImportWorker0.log
-srvPort
56897
Successfully changed project path to: C:/Users/tiago/Documents/Thesis-Project/Difficulty_2_NEW/Cognitive_Task/Unity_Project
C:/Users/tiago/Documents/Thesis-Project/Difficulty_2_NEW/Cognitive_Task/Unity_Project
Using Asset Import Pipeline V2.
Refreshing native plugins compatible for Editor in 40.45 ms, found 2 plugins.
Preloading 0 native plugins for Editor in 0.00 ms.
Initialize engine version: 2020.3.13f1 (71691879b7f5)
[Subsystems] Discovering subsystems at path D:/Unity/2020.3.13f1/Editor/Data/Resources/UnitySubsystems
[Subsystems] Discovering subsystems at path C:/Users/tiago/Documents/Thesis-Project/Difficulty_2_NEW/Cognitive_Task/Unity_Project/Assets
GfxDevice: creating device client; threaded=0
Direct3D:
    Version:  Direct3D 11.0 [level 11.1]
    Renderer: NVIDIA GeForce RTX 3050 (ID=0x2507)
    Vendor:   
    VRAM:     8070 MB
    Driver:   30.0.15.1215
Initialize mono
Mono path[0] = 'D:/Unity/2020.3.13f1/Editor/Data/Managed'
Mono path[1] = 'D:/Unity/2020.3.13f1/Editor/Data/MonoBleedingEdge/lib/mono/unityjit'
Mono config path = 'D:/Unity/2020.3.13f1/Editor/Data/MonoBleedingEdge/etc'
Using monoOptions --debugger-agent=transport=dt_socket,embedding=1,server=y,suspend=n,address=127.0.0.1:56924
Begin MonoManager ReloadAssembly
Registering precompiled unity dll's ...
Register platform support module: D:/Unity/2020.3.13f1/Editor/Data/PlaybackEngines/MacStandaloneSupport/UnityEditor.OSXStandalone.Extensions.dll
Register platform support module: D:/Unity/2020.3.13f1/Editor/Data/PlaybackEngines/WindowsStandaloneSupport/UnityEditor.WindowsStandalone.Extensions.dll
Registered in 0.001550 seconds.
Native extension for WindowsStandalone target not found
Native extension for OSXStandalone target not found
Refreshing native plugins compatible for Editor in 33.32 ms, found 2 plugins.
Preloading 0 native plugins for Editor in 0.00 ms.
Mono: successfully reloaded assembly
- Completed reload, in  1.076 seconds
Platform modules already initialized, skipping
Registering precompiled user dll's ...
Registered in 0.004616 seconds.
Begin MonoManager ReloadAssembly
Native extension for WindowsStandalone target not found
Native extension for OSXStandalone target not found
Refreshing native plugins compatible for Editor in 0.57 ms, found 2 plugins.
Preloading 0 native plugins for Editor in 0.00 ms.
Mono: successfully reloaded assembly
- Completed reload, in  1.076 seconds
Platform modules already initialized, skipping
========================================================================
Worker process is ready to serve import requests
Launched and connected shader compiler UnityShaderCompiler.exe after 0.06 seconds
Refreshing native plugins compatible for Editor in 0.32 ms, found 2 plugins.
Preloading 0 native plugins for Editor in 0.00 ms.
Unloading 1417 Unused Serialized files (Serialized files now loaded: 0)
System memory in use before: 66.2 MB.
System memory in use after: 66.2 MB.

Unloading 19 unused Assets to reduce memory usage. Loaded Objects now: 1851.
Total: 2.085000 ms (FindLiveObjects: 0.158400 ms CreateObjectMapping: 0.038000 ms MarkObjects: 1.778800 ms  DeleteObjects: 0.108500 ms)

AssetImportParameters requested are different than current active one (requested -> active):
  custom:framework-win-MediaFoundation: 216162199b28c13a410421893ffa2e32 -> 
  custom:video-decoder-ogg-theora: a1e56fd34408186e4bbccfd4996cb3dc -> 
  custom:container-muxer-webm: aa71ff27fc2769a1b78a27578f13a17b -> 
  custom:container-demuxer-webm: 4f35f7cbe854078d1ac9338744f61a02 -> 
  custom:container-demuxer-ogg: 62fdf1f143b41e24485cea50d1cbac27 -> 
  custom:video-encoder-webm-vp8: eb34c28f22e8b96e1ab97ce403110664 -> 
  custom:video-decoder-webm-vp8: 9c59270c3fd7afecdb556c50c9e8de78 -> 
  custom:audio-decoder-ogg-vorbis: bf7c407c2cedff20999df2af8eb42d56 -> 
  custom:audio-encoder-webm-vorbis: bf7c407c2cedff20999df2af8eb42d56 -> 
========================================================================
Received Import Request.
  path: Assets/2minutes.prefab
  artifactKey: Guid(6ad9d6f75304be049a793dc117b16b5f) Importer(815301076,1909f56bfc062723c751e8b465ee728b)
Start importing Assets/2minutes.prefab using Guid(6ad9d6f75304be049a793dc117b16b5f) Importer(815301076,1909f56bfc062723c751e8b465ee728b)  -> (artifact id: '06c7955c605d921d212a1057382e49f7') in 0.047626 seconds 
  Import took 0.050206 seconds .

========================================================================
Received Import Request.
  Time since last request: 1.249939 seconds.
  path: Assets/Scripts
  artifactKey: Guid(7987ad9a18b4b0c4cb43f075c6ef7496) Importer(815301076,1909f56bfc062723c751e8b465ee728b)
Start importing Assets/Scripts using Guid(7987ad9a18b4b0c4cb43f075c6ef7496) Importer(815301076,1909f56bfc062723c751e8b465ee728b)  -> (artifact id: 'a01108fe16c3bc201c064b697901dd22') in 0.008673 seconds 
  Import took 0.011091 seconds .

========================================================================
Received Import Request.
  Time since last request: 0.004317 seconds.
  path: Assets/Scripts
  artifactKey: Guid(7987ad9a18b4b0c4cb43f075c6ef7496) Importer(815301076,1909f56bfc062723c751e8b465ee728b)
Start importing Assets/Scripts using Guid(7987ad9a18b4b0c4cb43f075c6ef7496) Importer(815301076,1909f56bfc062723c751e8b465ee728b)  -> (artifact id: 'a01108fe16c3bc201c064b697901dd22') in 0.002364 seconds 
  Import took 0.004472 seconds .

========================================================================
Received Import Request.
  Time since last request: 3.511479 seconds.
  path: Assets/Scripts/Calibration.cs
  artifactKey: Guid(112438d4dd5b14c4297e87f32672235c) Importer(815301076,1909f56bfc062723c751e8b465ee728b)
Start importing Assets/Scripts/Calibration.cs using Guid(112438d4dd5b14c4297e87f32672235c) Importer(815301076,1909f56bfc062723c751e8b465ee728b)  -> (artifact id: 'bd91cccbc2ad83dba897211c623062ba') in 0.011735 seconds 
  Import took 0.014243 seconds .

========================================================================
Received Import Request.
  Time since last request: 0.025132 seconds.
  path: Assets/Scripts/Calibration.cs
  artifactKey: Guid(112438d4dd5b14c4297e87f32672235c) Importer(815301076,1909f56bfc062723c751e8b465ee728b)
Start importing Assets/Scripts/Calibration.cs using Guid(112438d4dd5b14c4297e87f32672235c) Importer(815301076,1909f56bfc062723c751e8b465ee728b)  -> (artifact id: 'bd91cccbc2ad83dba897211c623062ba') in 0.003197 seconds 
  Import took 0.005809 seconds .

========================================================================
Received Import Request.
  Time since last request: 10.618368 seconds.
  path: Assets/Scripts/Stroop.cs
  artifactKey: Guid(6dbdf5ce6a99ba64987dae048112b66f) Importer(815301076,1909f56bfc062723c751e8b465ee728b)
Start importing Assets/Scripts/Stroop.cs using Guid(6dbdf5ce6a99ba64987dae048112b66f) Importer(815301076,1909f56bfc062723c751e8b465ee728b)  -> (artifact id: '943576c267fb8e0a9002c6328d53605b') in 0.038679 seconds 
  Import took 0.041127 seconds .

